#
# A fatal error has been detected by the Java Runtime Environment:
#
#  SIGSEGV (0xb) at pc=0x00007fff205bb1c5, pid=49673, tid=6147
#
# JRE version: Java(TM) SE Runtime Environment (17.0.1+12) (build 17.0.1+12-LTS-39)
# Java VM: Java HotSpot(TM) 64-Bit Server VM (17.0.1+12-LTS-39, mixed mode, sharing, tiered, compressed oops, compressed class ptrs, g1 gc, bsd-amd64)
# Problematic frame:
# C  [libsystem_c.dylib+0x421c5]  __vfprintf+0x103
#
# No core dump will be written. Core dumps have been disabled. To enable core dumping, try "ulimit -c unlimited" before starting Java again
#
# If you would like to submit a bug report, please visit:
#   https://bugreport.java.com/bugreport/crash.jsp
# The crash happened outside the Java Virtual Machine in native code.
# See problematic frame for where to report the bug.
#

---------------  S U M M A R Y ------------

Command Line: --add-modules=ALL-DEFAULT jdk.compiler/com.sun.tools.javac.launcher.Main Client.java

Host: "MacBookPro14,1" x86_64 2300 MHz, 4 cores, 8G, Darwin 20.6.0, macOS 11.6.5 (20G527)
Time: Thu Jun  2 10:29:43 2022 KST elapsed time: 2.847934 seconds (0d 0h 0m 2s)

---------------  T H R E A D  ---------------

Current thread (0x00007ff1cd808800):  JavaThread "main" [_thread_in_native, id=6147, stack(0x000070000c564000,0x000070000c664000)]

Stack: [0x000070000c564000,0x000070000c664000],  sp=0x000070000c662c50,  free space=1019k
Native frames: (J=compiled Java code, j=interpreted, Vv=VM code, C=native code)
C  [libsystem_c.dylib+0x421c5]  __vfprintf+0x103
C  [libsystem_c.dylib+0x69965]  __v2printf+0x1d5
C  [libsystem_c.dylib+0x41fe6]  vfprintf_l+0x36
C  [libsystem_c.dylib+0x40156]  printf+0xae
C  [libBlockCipher.jnilib+0x3e30]  Java_Client_Dec+0x120
j  Client.Dec(Ljava/lang/String;)Ljava/lang/String;+0
j  Client.main([Ljava/lang/String;)V+35
v  ~StubRoutines::call_stub
V  [libjvm.dylib+0x502a21]  JavaCalls::call_helper(JavaValue*, methodHandle const&, JavaCallArguments*, JavaThread*)+0x2a1
V  [libjvm.dylib+0x8f360d]  invoke(InstanceKlass*, methodHandle const&, Handle, bool, objArrayHandle, BasicType, objArrayHandle, bool, JavaThread*)+0x9dd
V  [libjvm.dylib+0x8f2bdb]  Reflection::invoke_method(oopDesc*, Handle, objArrayHandle, JavaThread*)+0x15b
V  [libjvm.dylib+0x5ae79b]  JVM_InvokeMethod+0x30b
j  jdk.internal.reflect.NativeMethodAccessorImpl.invoke0(Ljava/lang/reflect/Method;Ljava/lang/Object;[Ljava/lang/Object;)Ljava/lang/Object;+0 java.base@17.0.1
j  jdk.internal.reflect.NativeMethodAccessorImpl.invoke(Ljava/lang/Object;[Ljava/lang/Object;)Ljava/lang/Object;+133 java.base@17.0.1
j  jdk.internal.reflect.DelegatingMethodAccessorImpl.invoke(Ljava/lang/Object;[Ljava/lang/Object;)Ljava/lang/Object;+6 java.base@17.0.1
j  java.lang.reflect.Method.invoke(Ljava/lang/Object;[Ljava/lang/Object;)Ljava/lang/Object;+59 java.base@17.0.1
j  com.sun.tools.javac.launcher.Main.execute(Ljava/lang/String;[Ljava/lang/String;Lcom/sun/tools/javac/launcher/Main$Context;)V+128 jdk.compiler@17.0.1
j  com.sun.tools.javac.launcher.Main.run([Ljava/lang/String;[Ljava/lang/String;)V+54 jdk.compiler@17.0.1
j  com.sun.tools.javac.launcher.Main.main([Ljava/lang/String;)V+14 jdk.compiler@17.0.1
v  ~StubRoutines::call_stub
V  [libjvm.dylib+0x502a21]  JavaCalls::call_helper(JavaValue*, methodHandle const&, JavaCallArguments*, JavaThread*)+0x2a1
V  [libjvm.dylib+0x564412]  jni_invoke_static(JNIEnv_*, JavaValue*, _jobject*, JNICallType, _jmethodID*, JNI_ArgumentPusher*, JavaThread*)+0x152
V  [libjvm.dylib+0x5677d3]  jni_CallStaticVoidMethod+0x183
C  [libjli.dylib+0x50bf]  JavaMain+0x9bf
C  [libjli.dylib+0x77e9]  ThreadJavaMain+0x9
C  [libsystem_pthread.dylib+0x68fc]  _pthread_start+0xe0
C  [libsystem_pthread.dylib+0x2443]  thread_start+0xf

Java frames: (J=compiled Java code, j=interpreted, Vv=VM code)
j  Client.Dec(Ljava/lang/String;)Ljava/lang/String;+0
j  Client.main([Ljava/lang/String;)V+35
v  ~StubRoutines::call_stub
j  jdk.internal.reflect.NativeMethodAccessorImpl.invoke0(Ljava/lang/reflect/Method;Ljava/lang/Object;[Ljava/lang/Object;)Ljava/lang/Object;+0 java.base@17.0.1
j  jdk.internal.reflect.NativeMethodAccessorImpl.invoke(Ljava/lang/Object;[Ljava/lang/Object;)Ljava/lang/Object;+133 java.base@17.0.1
j  jdk.internal.reflect.DelegatingMethodAccessorImpl.invoke(Ljava/lang/Object;[Ljava/lang/Object;)Ljava/lang/Object;+6 java.base@17.0.1
j  java.lang.reflect.Method.invoke(Ljava/lang/Object;[Ljava/lang/Object;)Ljava/lang/Object;+59 java.base@17.0.1
j  com.sun.tools.javac.launcher.Main.execute(Ljava/lang/String;[Ljava/lang/String;Lcom/sun/tools/javac/launcher/Main$Context;)V+128 jdk.compiler@17.0.1
j  com.sun.tools.javac.launcher.Main.run([Ljava/lang/String;[Ljava/lang/String;)V+54 jdk.compiler@17.0.1
j  com.sun.tools.javac.launcher.Main.main([Ljava/lang/String;)V+14 jdk.compiler@17.0.1
v  ~StubRoutines::call_stub

siginfo: si_signo: 11 (SIGSEGV), si_code: 1 (SEGV_MAPERR), si_addr: 0x0000000000000049

Register to memory mapping:

RAX=0x0 is NULL
RBX=0x0 is NULL
RCX=0x0 is NULL
RDX=0x000070000c6631e0 is pointing into the stack for thread: 0x00007ff1cd808800
RSP=0x000070000c662c50 is pointing into the stack for thread: 0x00007ff1cd808800
RBP=0x000070000c662fd0 is pointing into the stack for thread: 0x00007ff1cd808800
RSI=0x0000000000000049 is an unknown value
RDI=0x00007fff8099b820: __global_locale+0 in /usr/lib/system/libsystem_c.dylib at 0x00007fff20579000
R8 =0x0000000000000049 is an unknown value
R9 =0x000070000c6631b0 is pointing into the stack for thread: 0x00007ff1cd808800
R10=0x00007fff8099b820: __global_locale+0 in /usr/lib/system/libsystem_c.dylib at 0x00007fff20579000
R11=0x0 is NULL
R12=0x0 is NULL
R13=0x0 is NULL
R14=0x000070000c6631b0 is pointing into the stack for thread: 0x00007ff1cd808800
R15=0x0000000000000049 is an unknown value


Registers:
RAX=0x0000000000000000, RBX=0x0000000000000000, RCX=0x0000000000000000, RDX=0x000070000c6631e0
RSP=0x000070000c662c50, RBP=0x000070000c662fd0, RSI=0x0000000000000049, RDI=0x00007fff8099b820
R8 =0x0000000000000049, R9 =0x000070000c6631b0, R10=0x00007fff8099b820, R11=0x0000000000000000
R12=0x0000000000000000, R13=0x0000000000000000, R14=0x000070000c6631b0, R15=0x0000000000000049
RIP=0x00007fff205bb1c5, EFLAGS=0x0000000000010246, ERR=0x0000000000000004
  TRAPNO=0x000000000000000e

Top of Stack: (sp=0x000070000c662c50)
0x000070000c662c50:   000000080040e520 0000000000000000
0x000070000c662c60:   000070000c662c88 0000000000000000
0x000070000c662c70:   000000011346635c 00000007ffe03ca0
0x000070000c662c80:   0000000113467f77 0000000787e9c428
0x000070000c662c90:   0000000000000000 000070000c662c98
0x000070000c662ca0:   00007fff8099c228 0000000000000001
0x000070000c662cb0:   00007ff1cc431b3c 0000000000000000
0x000070000c662cc0:   0000000000000001 00000008001425b0
0x000070000c662cd0:   0000000000000049 000070000c662cf0
0x000070000c662ce0:   0000000000000017 00000001134667c0
0x000070000c662cf0:   0000000105fefd10 0000000000000000
0x000070000c662d00:   000070000c662d00 0000000800b2611a
0x000070000c662d10:   000070000c662d80 0000000000000008
0x000070000c662d20:   0000000000000000 0000000000000000
0x000070000c662d30:   0000000105feff8c 00007fff8099c228
0x000070000c662d40:   000070000c662d50 0000000000000000
0x000070000c662d50:   0000000105feff86 0000000000000006
0x000070000c662d60:   00007ff1cc648a90 0000000000000008
0x000070000c662d70:   0000000787e9c460 0000000787e9c428
0x000070000c662d80:   0000000787e98d98 000070000c662d88
0x000070000c662d90:   00000008005cd669 000070000c662de8
0x000070000c662da0:   000000080000bc90 0000000000000000
0x000070000c662db0:   00000007ffe01218 0000000800010128
0x000070000c662dc0:   0000000000000000 000070000c662de0
0x000070000c662dd0:   000070000c662e50 000000011345dcc9
0x000070000c662de0:   0000000787e9c428 0000000700000000
0x000070000c662df0:   0000000800001fa1 ffffffffffffffff
0x000070000c662e00:   000070000c663018 0000000000000000
0x000070000c662e10:   000000000000000f 000070000c6631b0
0x000070000c662e20:   000070000c6631b8 0000000000000000
0x000070000c662e30:   00007ff1cc648a90 00007fff8099b820
0x000070000c662e40:   0000000000000000 0000000100582fc0 

Instructions: (pc=0x00007fff205bb1c5)
0x00007fff205bb0c5:   e5 41 57 41 56 41 55 41 54 53 48 81 ec 58 03 00
0x00007fff205bb0d5:   00 49 89 ce 48 89 95 00 fd ff ff 48 8d 05 89 2c
0x00007fff205bb0e5:   3e 60 48 8b 00 48 89 45 d0 31 c0 48 89 85 38 fe
0x00007fff205bb0f5:   ff ff 48 8b 09 49 8b 56 08 48 89 8d 80 fe ff ff
0x00007fff205bb105:   48 89 95 88 fe ff ff 49 8b 4e 10 48 89 8d 90 fe
0x00007fff205bb115:   ff ff 48 8d 8d 80 fd ff ff 48 89 49 f0 48 89 41
0x00007fff205bb125:   f8 48 89 bd d0 fc ff ff 48 89 79 e8 48 89 b5 68
0x00007fff205bb135:   fe ff ff 48 89 f7 e8 de f5 fe ff 48 8b 18 80 7b
0x00007fff205bb145:   01 00 b8 01 00 00 00 74 08 48 89 df e8 04 f0 03
0x00007fff205bb155:   00 48 89 9d e0 fc ff ff 4c 89 b5 48 fe ff ff 49
0x00007fff205bb165:   8d 4e 08 48 89 8d 50 fe ff ff 48 98 48 89 85 f0
0x00007fff205bb175:   fc ff ff 48 89 85 d8 fc ff ff b8 00 00 00 00 48
0x00007fff205bb185:   89 85 50 fd ff ff 48 89 85 c0 fc ff ff 48 89 85
0x00007fff205bb195:   58 fd ff ff c7 85 7c fe ff ff 01 00 00 00 45 31
0x00007fff205bb1a5:   ed 31 c9 31 db 4c 8b bd 00 fd ff ff 49 89 dc 48
0x00007fff205bb1b5:   89 8d e8 fc ff ff 4c 89 ad 58 fe ff ff 4c 89 fe
0x00007fff205bb1c5:   8a 1e 84 db 74 0a 80 fb 25 74 05 48 ff c6 eb f0
0x00007fff205bb1d5:   48 89 f0 4c 29 f8 48 89 b5 60 fd ff ff 74 77 4e
0x00007fff205bb1e5:   8d 34 20 49 81 fe ff ff ff 7f 0f 8d f3 3e 00 00
0x00007fff205bb1f5:   48 63 8d 78 fd ff ff 48 89 ca 48 c1 e2 04 4c 89
0x00007fff205bb205:   bc 15 80 fd ff ff 48 98 48 89 84 15 88 fd ff ff
0x00007fff205bb215:   03 85 7c fd ff ff 8d 51 01 89 85 7c fd ff ff 89
0x00007fff205bb225:   95 78 fd ff ff 48 83 f9 07 7c 3a 85 c0 74 2c 48
0x00007fff205bb235:   8b bd 68 fd ff ff 48 8d b5 70 fd ff ff e8 f7 9c
0x00007fff205bb245:   ff ff 48 c7 85 78 fd ff ff 00 00 00 00 85 c0 74
0x00007fff205bb255:   14 e9 de 3e 00 00 4d 89 e6 eb 0a c7 85 78 fd ff
0x00007fff205bb265:   ff 00 00 00 00 84 db 0f 84 2d 3e 00 00 4c 89 bd
0x00007fff205bb275:   60 fe ff ff 48 8b 85 60 fd ff ff 4c 8d 78 01 48
0x00007fff205bb285:   c7 85 98 fc ff ff 00 00 00 00 45 31 ed 44 88 ad
0x00007fff205bb295:   7b fe ff ff 44 88 ad 37 fe ff ff c6 85 7a fe ff
0x00007fff205bb2a5:   ff 58 49 c7 c3 ff ff ff ff 45 31 c9 4c 89 b5 40
0x00007fff205bb2b5:   fe ff ff 45 0f be 27 49 ff c7 4c 89 eb 49 89 dd 


Stack slot to memory mapping:
stack at sp + 0 slots: {method} {0x000000080040e520} 'findEntry0' '(Ljdk/internal/loader/NativeLibraries$NativeLibraryImpl;Ljava/lang/String;)J' in 'jdk/internal/loader/NativeLibraries'
stack at sp + 1 slots: 0x0 is NULL
stack at sp + 2 slots: 0x000070000c662c88 is pointing into the stack for thread: 0x00007ff1cd808800
stack at sp + 3 slots: 0x0 is NULL
stack at sp + 4 slots: 0x000000011346635c is at code_begin+1404 in an Interpreter codelet
return entry points  [0x0000000113465de0, 0x00000001134668e0]  2816 bytes
stack at sp + 5 slots: 0x00000007ffe03ca0 is an oop: java.lang.Class 
{0x00000007ffe03ca0} - klass: 'java/lang/Class'
 - ---- fields (total size 16 words):
 - private volatile transient 'classRedefinedCount' 'I' @12  0
 - private volatile transient 'cachedConstructor' 'Ljava/lang/reflect/Constructor;' @40  NULL (0)
 - private transient 'name' 'Ljava/lang/String;' @44  NULL (0)
 - private transient 'module' 'Ljava/lang/Module;' @48  a 'java/lang/Module'{0x000000078724fe50} (f0e49fca)
 - private final 'classLoader' 'Ljava/lang/ClassLoader;' @52  NULL (0)
 - private transient 'classData' 'Ljava/lang/Object;' @56  NULL (0)
 - private transient 'packageName' 'Ljava/lang/String;' @60  NULL (0)
 - private final 'componentType' 'Ljava/lang/Class;' @64  NULL (0)
 - private volatile transient 'reflectionData' 'Ljava/lang/ref/SoftReference;' @68  NULL (0)
 - private volatile transient 'genericInfo' 'Lsun/reflect/generics/repository/ClassRepository;' @72  NULL (0)
 - private volatile transient 'enumConstants' '[Ljava/lang/Object;' @76  NULL (0)
 - private volatile transient 'enumConstantDirectory' 'Ljava/util/Map;' @80  NULL (0)
 - private volatile transient 'annotationData' 'Ljava/lang/Class$AnnotationData;' @84  NULL (0)
 - private volatile transient 'annotationType' 'Lsun/reflect/annotation/AnnotationType;' @88  NULL (0)
 - transient 'classValueMap' 'Ljava/lang/ClassValue$ClassValueMap;' @92  NULL (0)
 - signature: Ljdk/internal/loader/NativeLibraries;
 - fake entry for mirror: 'jdk/internal/loader/NativeLibraries'
 - fake entry for array: NULL
 - fake entry for oop_size: 16
 - fake entry for static_oop_field_count: 2
 - private static final 'loadedLibraryNames' 'Ljava/util/Set;' @112  a 'java/util/HashSet'{0x00000007871d4798} (f0e3a8f3)
 - private static 'nativeLibraryContext' 'Ljava/util/Deque;' @116  a 'java/util/ArrayDeque'{0x00000007871d4748} (f0e3a8e9)
 - static final synthetic '$assertionsDisabled' 'Z' @120  true
stack at sp + 6 slots: 0x0000000113467f77 is at code_begin+23 in an Interpreter codelet
result handlers for native calls  [0x0000000113467f60, 0x0000000113467f80]  32 bytes
stack at sp + 7 slots: 0x0000000787e9c428 is an oop: java.lang.String 
{0x0000000787e9c428} - klass: 'java/lang/String'
 - string: "Java_Client_Dec"


---------------  P R O C E S S  ---------------

Threads class SMR info:
_java_thread_list=0x00007ff1cc53caa0, length=11, elements={
0x00007ff1cd808800, 0x00007ff1cf008200, 0x00007ff1cc833800, 0x00007ff1cc838600,
0x00007ff1cd011200, 0x00007ff1cd011800, 0x00007ff1cc838c00, 0x00007ff1cd011e00,
0x00007ff1cd012400, 0x00007ff1cd0b1a00, 0x00007ff1cd0b2000
}

Java Threads: ( => current thread )
=>0x00007ff1cd808800 JavaThread "main" [_thread_in_native, id=6147, stack(0x000070000c564000,0x000070000c664000)]
  0x00007ff1cf008200 JavaThread "Reference Handler" daemon [_thread_blocked, id=17667, stack(0x000070000cc79000,0x000070000cd79000)]
  0x00007ff1cc833800 JavaThread "Finalizer" daemon [_thread_blocked, id=16643, stack(0x000070000cd7c000,0x000070000ce7c000)]
  0x00007ff1cc838600 JavaThread "Signal Dispatcher" daemon [_thread_blocked, id=23555, stack(0x000070000cf85000,0x000070000d085000)]
  0x00007ff1cd011200 JavaThread "Service Thread" daemon [_thread_blocked, id=43011, stack(0x000070000d088000,0x000070000d188000)]
  0x00007ff1cd011800 JavaThread "Monitor Deflation Thread" daemon [_thread_blocked, id=42755, stack(0x000070000d18b000,0x000070000d28b000)]
  0x00007ff1cc838c00 JavaThread "C2 CompilerThread0" daemon [_thread_blocked, id=42499, stack(0x000070000d28e000,0x000070000d38e000)]
  0x00007ff1cd011e00 JavaThread "C1 CompilerThread0" daemon [_thread_blocked, id=42243, stack(0x000070000d391000,0x000070000d491000)]
  0x00007ff1cd012400 JavaThread "Sweeper thread" daemon [_thread_blocked, id=41987, stack(0x000070000d494000,0x000070000d594000)]
  0x00007ff1cd0b1a00 JavaThread "Common-Cleaner" daemon [_thread_blocked, id=25347, stack(0x000070000d597000,0x000070000d697000)]
  0x00007ff1cd0b2000 JavaThread "Notification Thread" daemon [_thread_blocked, id=25859, stack(0x000070000d69a000,0x000070000d79a000)]

Other Threads:
  0x00007ff1cc42e620 VMThread "VM Thread" [stack: 0x000070000cb76000,0x000070000cc76000] [id=15875]
  0x00007ff1cc53d470 WatcherThread [stack: 0x000070000d79d000,0x000070000d89d000] [id=41475]
  0x00007ff1cc50afa0 GCTaskThread "GC Thread#0" [stack: 0x000070000c667000,0x000070000c767000] [id=20227]
  0x00007ff1cec1e3b0 GCTaskThread "GC Thread#1" [stack: 0x000070000d8a0000,0x000070000d9a0000] [id=41219]
  0x00007ff1ce0507c0 GCTaskThread "GC Thread#2" [stack: 0x000070000d9a3000,0x000070000daa3000] [id=40707]
  0x00007ff1cc50bdf0 ConcurrentGCThread "G1 Main Marker" [stack: 0x000070000c76a000,0x000070000c86a000] [id=19715]
  0x00007ff1cc50cb50 ConcurrentGCThread "G1 Conc#0" [stack: 0x000070000c86d000,0x000070000c96d000] [id=13315]
  0x00007ff1cc526220 ConcurrentGCThread "G1 Refine#0" [stack: 0x000070000c970000,0x000070000ca70000] [id=14083]
  0x00007ff1cc648b60 ConcurrentGCThread "G1 Refine#1" [stack: 0x000070000daa6000,0x000070000dba6000] [id=40195]
  0x00007ff1cc526f80 ConcurrentGCThread "G1 Service" [stack: 0x000070000ca73000,0x000070000cb73000] [id=14339]

Threads with active compile tasks:

VM state: not at safepoint (normal execution)

VM Mutex/Monitor currently owned by a thread: None

Heap address: 0x0000000780000000, size: 2048 MB, Compressed Oops mode: Zero based, Oop shift amount: 3

CDS archive(s) mapped at: [0x0000000800000000-0x0000000800bd4000-0x0000000800bd4000), size 12402688, SharedBaseAddress: 0x0000000800000000, ArchiveRelocationMode: 0.
Compressed class space mapped at: 0x0000000800c00000-0x0000000840c00000, reserved size: 1073741824
Narrow klass base: 0x0000000800000000, Narrow klass shift: 0, Narrow klass range: 0x100000000

GC Precious Log:
 CPUs: 4 total, 4 available
 Memory: 8192M
 Large Page Support: Disabled
 NUMA Support: Disabled
 Compressed Oops: Enabled (Zero based)
 Heap Region Size: 1M
 Heap Min Capacity: 8M
 Heap Initial Capacity: 128M
 Heap Max Capacity: 2G
 Pre-touch: Disabled
 Parallel Workers: 4
 Concurrent Workers: 1
 Concurrent Refinement Workers: 4
 Periodic GC: Disabled

Heap:
 garbage-first heap   total 133120K, used 5412K [0x0000000780000000, 0x0000000800000000)
  region size 1024K, 4 young (4096K), 2 survivors (2048K)
 Metaspace       used 8939K, committed 9152K, reserved 1064960K
  class space    used 1073K, committed 1216K, reserved 1048576K

Heap Regions: E=young(eden), S=young(survivor), O=old, HS=humongous(starts), HC=humongous(continues), CS=collection set, F=free, OA=open archive, CA=closed archive, TAMS=top-at-mark-start (previous, next)
|   0|0x0000000780000000, 0x0000000780100000, 0x0000000780100000|100%| O|  |TAMS 0x0000000780000000, 0x0000000780000000| Untracked 
|   1|0x0000000780100000, 0x0000000780154200, 0x0000000780200000| 32%| O|  |TAMS 0x0000000780100000, 0x0000000780100000| Untracked 
|   2|0x0000000780200000, 0x0000000780200000, 0x0000000780300000|  0%| F|  |TAMS 0x0000000780200000, 0x0000000780200000| Untracked 
|   3|0x0000000780300000, 0x0000000780300000, 0x0000000780400000|  0%| F|  |TAMS 0x0000000780300000, 0x0000000780300000| Untracked 
|   4|0x0000000780400000, 0x0000000780400000, 0x0000000780500000|  0%| F|  |TAMS 0x0000000780400000, 0x0000000780400000| Untracked 
|   5|0x0000000780500000, 0x0000000780500000, 0x0000000780600000|  0%| F|  |TAMS 0x0000000780500000, 0x0000000780500000| Untracked 
|   6|0x0000000780600000, 0x0000000780600000, 0x0000000780700000|  0%| F|  |TAMS 0x0000000780600000, 0x0000000780600000| Untracked 
|   7|0x0000000780700000, 0x0000000780700000, 0x0000000780800000|  0%| F|  |TAMS 0x0000000780700000, 0x0000000780700000| Untracked 
|   8|0x0000000780800000, 0x0000000780800000, 0x0000000780900000|  0%| F|  |TAMS 0x0000000780800000, 0x0000000780800000| Untracked 
|   9|0x0000000780900000, 0x0000000780900000, 0x0000000780a00000|  0%| F|  |TAMS 0x0000000780900000, 0x0000000780900000| Untracked 
|  10|0x0000000780a00000, 0x0000000780a00000, 0x0000000780b00000|  0%| F|  |TAMS 0x0000000780a00000, 0x0000000780a00000| Untracked 
|  11|0x0000000780b00000, 0x0000000780b00000, 0x0000000780c00000|  0%| F|  |TAMS 0x0000000780b00000, 0x0000000780b00000| Untracked 
|  12|0x0000000780c00000, 0x0000000780c00000, 0x0000000780d00000|  0%| F|  |TAMS 0x0000000780c00000, 0x0000000780c00000| Untracked 
|  13|0x0000000780d00000, 0x0000000780d00000, 0x0000000780e00000|  0%| F|  |TAMS 0x0000000780d00000, 0x0000000780d00000| Untracked 
|  14|0x0000000780e00000, 0x0000000780e00000, 0x0000000780f00000|  0%| F|  |TAMS 0x0000000780e00000, 0x0000000780e00000| Untracked 
|  15|0x0000000780f00000, 0x0000000780f00000, 0x0000000781000000|  0%| F|  |TAMS 0x0000000780f00000, 0x0000000780f00000| Untracked 
|  16|0x0000000781000000, 0x0000000781000000, 0x0000000781100000|  0%| F|  |TAMS 0x0000000781000000, 0x0000000781000000| Untracked 
|  17|0x0000000781100000, 0x0000000781100000, 0x0000000781200000|  0%| F|  |TAMS 0x0000000781100000, 0x0000000781100000| Untracked 
|  18|0x0000000781200000, 0x0000000781200000, 0x0000000781300000|  0%| F|  |TAMS 0x0000000781200000, 0x0000000781200000| Untracked 
|  19|0x0000000781300000, 0x0000000781300000, 0x0000000781400000|  0%| F|  |TAMS 0x0000000781300000, 0x0000000781300000| Untracked 
|  20|0x0000000781400000, 0x0000000781400000, 0x0000000781500000|  0%| F|  |TAMS 0x0000000781400000, 0x0000000781400000| Untracked 
|  21|0x0000000781500000, 0x0000000781500000, 0x0000000781600000|  0%| F|  |TAMS 0x0000000781500000, 0x0000000781500000| Untracked 
|  22|0x0000000781600000, 0x0000000781600000, 0x0000000781700000|  0%| F|  |TAMS 0x0000000781600000, 0x0000000781600000| Untracked 
|  23|0x0000000781700000, 0x0000000781700000, 0x0000000781800000|  0%| F|  |TAMS 0x0000000781700000, 0x0000000781700000| Untracked 
|  24|0x0000000781800000, 0x0000000781800000, 0x0000000781900000|  0%| F|  |TAMS 0x0000000781800000, 0x0000000781800000| Untracked 
|  25|0x0000000781900000, 0x0000000781900000, 0x0000000781a00000|  0%| F|  |TAMS 0x0000000781900000, 0x0000000781900000| Untracked 
|  26|0x0000000781a00000, 0x0000000781a00000, 0x0000000781b00000|  0%| F|  |TAMS 0x0000000781a00000, 0x0000000781a00000| Untracked 
|  27|0x0000000781b00000, 0x0000000781b00000, 0x0000000781c00000|  0%| F|  |TAMS 0x0000000781b00000, 0x0000000781b00000| Untracked 
|  28|0x0000000781c00000, 0x0000000781c00000, 0x0000000781d00000|  0%| F|  |TAMS 0x0000000781c00000, 0x0000000781c00000| Untracked 
|  29|0x0000000781d00000, 0x0000000781d00000, 0x0000000781e00000|  0%| F|  |TAMS 0x0000000781d00000, 0x0000000781d00000| Untracked 
|  30|0x0000000781e00000, 0x0000000781e00000, 0x0000000781f00000|  0%| F|  |TAMS 0x0000000781e00000, 0x0000000781e00000| Untracked 
|  31|0x0000000781f00000, 0x0000000781f00000, 0x0000000782000000|  0%| F|  |TAMS 0x0000000781f00000, 0x0000000781f00000| Untracked 
|  32|0x0000000782000000, 0x0000000782000000, 0x0000000782100000|  0%| F|  |TAMS 0x0000000782000000, 0x0000000782000000| Untracked 
|  33|0x0000000782100000, 0x0000000782100000, 0x0000000782200000|  0%| F|  |TAMS 0x0000000782100000, 0x0000000782100000| Untracked 
|  34|0x0000000782200000, 0x0000000782200000, 0x0000000782300000|  0%| F|  |TAMS 0x0000000782200000, 0x0000000782200000| Untracked 
|  35|0x0000000782300000, 0x0000000782300000, 0x0000000782400000|  0%| F|  |TAMS 0x0000000782300000, 0x0000000782300000| Untracked 
|  36|0x0000000782400000, 0x0000000782400000, 0x0000000782500000|  0%| F|  |TAMS 0x0000000782400000, 0x0000000782400000| Untracked 
|  37|0x0000000782500000, 0x0000000782500000, 0x0000000782600000|  0%| F|  |TAMS 0x0000000782500000, 0x0000000782500000| Untracked 
|  38|0x0000000782600000, 0x0000000782600000, 0x0000000782700000|  0%| F|  |TAMS 0x0000000782600000, 0x0000000782600000| Untracked 
|  39|0x0000000782700000, 0x0000000782700000, 0x0000000782800000|  0%| F|  |TAMS 0x0000000782700000, 0x0000000782700000| Untracked 
|  40|0x0000000782800000, 0x0000000782800000, 0x0000000782900000|  0%| F|  |TAMS 0x0000000782800000, 0x0000000782800000| Untracked 
|  41|0x0000000782900000, 0x0000000782900000, 0x0000000782a00000|  0%| F|  |TAMS 0x0000000782900000, 0x0000000782900000| Untracked 
|  42|0x0000000782a00000, 0x0000000782a00000, 0x0000000782b00000|  0%| F|  |TAMS 0x0000000782a00000, 0x0000000782a00000| Untracked 
|  43|0x0000000782b00000, 0x0000000782b00000, 0x0000000782c00000|  0%| F|  |TAMS 0x0000000782b00000, 0x0000000782b00000| Untracked 
|  44|0x0000000782c00000, 0x0000000782c00000, 0x0000000782d00000|  0%| F|  |TAMS 0x0000000782c00000, 0x0000000782c00000| Untracked 
|  45|0x0000000782d00000, 0x0000000782d00000, 0x0000000782e00000|  0%| F|  |TAMS 0x0000000782d00000, 0x0000000782d00000| Untracked 
|  46|0x0000000782e00000, 0x0000000782e00000, 0x0000000782f00000|  0%| F|  |TAMS 0x0000000782e00000, 0x0000000782e00000| Untracked 
|  47|0x0000000782f00000, 0x0000000782f00000, 0x0000000783000000|  0%| F|  |TAMS 0x0000000782f00000, 0x0000000782f00000| Untracked 
|  48|0x0000000783000000, 0x0000000783000000, 0x0000000783100000|  0%| F|  |TAMS 0x0000000783000000, 0x0000000783000000| Untracked 
|  49|0x0000000783100000, 0x0000000783100000, 0x0000000783200000|  0%| F|  |TAMS 0x0000000783100000, 0x0000000783100000| Untracked 
|  50|0x0000000783200000, 0x0000000783200000, 0x0000000783300000|  0%| F|  |TAMS 0x0000000783200000, 0x0000000783200000| Untracked 
|  51|0x0000000783300000, 0x0000000783300000, 0x0000000783400000|  0%| F|  |TAMS 0x0000000783300000, 0x0000000783300000| Untracked 
|  52|0x0000000783400000, 0x0000000783400000, 0x0000000783500000|  0%| F|  |TAMS 0x0000000783400000, 0x0000000783400000| Untracked 
|  53|0x0000000783500000, 0x0000000783500000, 0x0000000783600000|  0%| F|  |TAMS 0x0000000783500000, 0x0000000783500000| Untracked 
|  54|0x0000000783600000, 0x0000000783600000, 0x0000000783700000|  0%| F|  |TAMS 0x0000000783600000, 0x0000000783600000| Untracked 
|  55|0x0000000783700000, 0x0000000783700000, 0x0000000783800000|  0%| F|  |TAMS 0x0000000783700000, 0x0000000783700000| Untracked 
|  56|0x0000000783800000, 0x0000000783800000, 0x0000000783900000|  0%| F|  |TAMS 0x0000000783800000, 0x0000000783800000| Untracked 
|  57|0x0000000783900000, 0x0000000783900000, 0x0000000783a00000|  0%| F|  |TAMS 0x0000000783900000, 0x0000000783900000| Untracked 
|  58|0x0000000783a00000, 0x0000000783a00000, 0x0000000783b00000|  0%| F|  |TAMS 0x0000000783a00000, 0x0000000783a00000| Untracked 
|  59|0x0000000783b00000, 0x0000000783b00000, 0x0000000783c00000|  0%| F|  |TAMS 0x0000000783b00000, 0x0000000783b00000| Untracked 
|  60|0x0000000783c00000, 0x0000000783c00000, 0x0000000783d00000|  0%| F|  |TAMS 0x0000000783c00000, 0x0000000783c00000| Untracked 
|  61|0x0000000783d00000, 0x0000000783d00000, 0x0000000783e00000|  0%| F|  |TAMS 0x0000000783d00000, 0x0000000783d00000| Untracked 
|  62|0x0000000783e00000, 0x0000000783e00000, 0x0000000783f00000|  0%| F|  |TAMS 0x0000000783e00000, 0x0000000783e00000| Untracked 
|  63|0x0000000783f00000, 0x0000000783f00000, 0x0000000784000000|  0%| F|  |TAMS 0x0000000783f00000, 0x0000000783f00000| Untracked 
|  64|0x0000000784000000, 0x0000000784000000, 0x0000000784100000|  0%| F|  |TAMS 0x0000000784000000, 0x0000000784000000| Untracked 
|  65|0x0000000784100000, 0x0000000784100000, 0x0000000784200000|  0%| F|  |TAMS 0x0000000784100000, 0x0000000784100000| Untracked 
|  66|0x0000000784200000, 0x0000000784200000, 0x0000000784300000|  0%| F|  |TAMS 0x0000000784200000, 0x0000000784200000| Untracked 
|  67|0x0000000784300000, 0x0000000784300000, 0x0000000784400000|  0%| F|  |TAMS 0x0000000784300000, 0x0000000784300000| Untracked 
|  68|0x0000000784400000, 0x0000000784400000, 0x0000000784500000|  0%| F|  |TAMS 0x0000000784400000, 0x0000000784400000| Untracked 
|  69|0x0000000784500000, 0x0000000784500000, 0x0000000784600000|  0%| F|  |TAMS 0x0000000784500000, 0x0000000784500000| Untracked 
|  70|0x0000000784600000, 0x0000000784600000, 0x0000000784700000|  0%| F|  |TAMS 0x0000000784600000, 0x0000000784600000| Untracked 
|  71|0x0000000784700000, 0x0000000784700000, 0x0000000784800000|  0%| F|  |TAMS 0x0000000784700000, 0x0000000784700000| Untracked 
|  72|0x0000000784800000, 0x0000000784800000, 0x0000000784900000|  0%| F|  |TAMS 0x0000000784800000, 0x0000000784800000| Untracked 
|  73|0x0000000784900000, 0x0000000784900000, 0x0000000784a00000|  0%| F|  |TAMS 0x0000000784900000, 0x0000000784900000| Untracked 
|  74|0x0000000784a00000, 0x0000000784a00000, 0x0000000784b00000|  0%| F|  |TAMS 0x0000000784a00000, 0x0000000784a00000| Untracked 
|  75|0x0000000784b00000, 0x0000000784b00000, 0x0000000784c00000|  0%| F|  |TAMS 0x0000000784b00000, 0x0000000784b00000| Untracked 
|  76|0x0000000784c00000, 0x0000000784c00000, 0x0000000784d00000|  0%| F|  |TAMS 0x0000000784c00000, 0x0000000784c00000| Untracked 
|  77|0x0000000784d00000, 0x0000000784d00000, 0x0000000784e00000|  0%| F|  |TAMS 0x0000000784d00000, 0x0000000784d00000| Untracked 
|  78|0x0000000784e00000, 0x0000000784e00000, 0x0000000784f00000|  0%| F|  |TAMS 0x0000000784e00000, 0x0000000784e00000| Untracked 
|  79|0x0000000784f00000, 0x0000000784f00000, 0x0000000785000000|  0%| F|  |TAMS 0x0000000784f00000, 0x0000000784f00000| Untracked 
|  80|0x0000000785000000, 0x0000000785000000, 0x0000000785100000|  0%| F|  |TAMS 0x0000000785000000, 0x0000000785000000| Untracked 
|  81|0x0000000785100000, 0x0000000785100000, 0x0000000785200000|  0%| F|  |TAMS 0x0000000785100000, 0x0000000785100000| Untracked 
|  82|0x0000000785200000, 0x0000000785200000, 0x0000000785300000|  0%| F|  |TAMS 0x0000000785200000, 0x0000000785200000| Untracked 
|  83|0x0000000785300000, 0x0000000785300000, 0x0000000785400000|  0%| F|  |TAMS 0x0000000785300000, 0x0000000785300000| Untracked 
|  84|0x0000000785400000, 0x0000000785400000, 0x0000000785500000|  0%| F|  |TAMS 0x0000000785400000, 0x0000000785400000| Untracked 
|  85|0x0000000785500000, 0x0000000785500000, 0x0000000785600000|  0%| F|  |TAMS 0x0000000785500000, 0x0000000785500000| Untracked 
|  86|0x0000000785600000, 0x0000000785600000, 0x0000000785700000|  0%| F|  |TAMS 0x0000000785600000, 0x0000000785600000| Untracked 
|  87|0x0000000785700000, 0x0000000785700000, 0x0000000785800000|  0%| F|  |TAMS 0x0000000785700000, 0x0000000785700000| Untracked 
|  88|0x0000000785800000, 0x0000000785800000, 0x0000000785900000|  0%| F|  |TAMS 0x0000000785800000, 0x0000000785800000| Untracked 
|  89|0x0000000785900000, 0x0000000785900000, 0x0000000785a00000|  0%| F|  |TAMS 0x0000000785900000, 0x0000000785900000| Untracked 
|  90|0x0000000785a00000, 0x0000000785a00000, 0x0000000785b00000|  0%| F|  |TAMS 0x0000000785a00000, 0x0000000785a00000| Untracked 
|  91|0x0000000785b00000, 0x0000000785b00000, 0x0000000785c00000|  0%| F|  |TAMS 0x0000000785b00000, 0x0000000785b00000| Untracked 
|  92|0x0000000785c00000, 0x0000000785c00000, 0x0000000785d00000|  0%| F|  |TAMS 0x0000000785c00000, 0x0000000785c00000| Untracked 
|  93|0x0000000785d00000, 0x0000000785d00000, 0x0000000785e00000|  0%| F|  |TAMS 0x0000000785d00000, 0x0000000785d00000| Untracked 
|  94|0x0000000785e00000, 0x0000000785e00000, 0x0000000785f00000|  0%| F|  |TAMS 0x0000000785e00000, 0x0000000785e00000| Untracked 
|  95|0x0000000785f00000, 0x0000000785f00000, 0x0000000786000000|  0%| F|  |TAMS 0x0000000785f00000, 0x0000000785f00000| Untracked 
|  96|0x0000000786000000, 0x0000000786000000, 0x0000000786100000|  0%| F|  |TAMS 0x0000000786000000, 0x0000000786000000| Untracked 
|  97|0x0000000786100000, 0x0000000786100000, 0x0000000786200000|  0%| F|  |TAMS 0x0000000786100000, 0x0000000786100000| Untracked 
|  98|0x0000000786200000, 0x0000000786200000, 0x0000000786300000|  0%| F|  |TAMS 0x0000000786200000, 0x0000000786200000| Untracked 
|  99|0x0000000786300000, 0x0000000786300000, 0x0000000786400000|  0%| F|  |TAMS 0x0000000786300000, 0x0000000786300000| Untracked 
| 100|0x0000000786400000, 0x0000000786400000, 0x0000000786500000|  0%| F|  |TAMS 0x0000000786400000, 0x0000000786400000| Untracked 
| 101|0x0000000786500000, 0x0000000786500000, 0x0000000786600000|  0%| F|  |TAMS 0x0000000786500000, 0x0000000786500000| Untracked 
| 102|0x0000000786600000, 0x0000000786600000, 0x0000000786700000|  0%| F|  |TAMS 0x0000000786600000, 0x0000000786600000| Untracked 
| 103|0x0000000786700000, 0x0000000786700000, 0x0000000786800000|  0%| F|  |TAMS 0x0000000786700000, 0x0000000786700000| Untracked 
| 104|0x0000000786800000, 0x0000000786800000, 0x0000000786900000|  0%| F|  |TAMS 0x0000000786800000, 0x0000000786800000| Untracked 
| 105|0x0000000786900000, 0x0000000786900000, 0x0000000786a00000|  0%| F|  |TAMS 0x0000000786900000, 0x0000000786900000| Untracked 
| 106|0x0000000786a00000, 0x0000000786a00000, 0x0000000786b00000|  0%| F|  |TAMS 0x0000000786a00000, 0x0000000786a00000| Untracked 
| 107|0x0000000786b00000, 0x0000000786b00000, 0x0000000786c00000|  0%| F|  |TAMS 0x0000000786b00000, 0x0000000786b00000| Untracked 
| 108|0x0000000786c00000, 0x0000000786c00000, 0x0000000786d00000|  0%| F|  |TAMS 0x0000000786c00000, 0x0000000786c00000| Untracked 
| 109|0x0000000786d00000, 0x0000000786d00000, 0x0000000786e00000|  0%| F|  |TAMS 0x0000000786d00000, 0x0000000786d00000| Untracked 
| 110|0x0000000786e00000, 0x0000000786e00000, 0x0000000786f00000|  0%| F|  |TAMS 0x0000000786e00000, 0x0000000786e00000| Untracked 
| 111|0x0000000786f00000, 0x0000000786f00000, 0x0000000787000000|  0%| F|  |TAMS 0x0000000786f00000, 0x0000000786f00000| Untracked 
| 112|0x0000000787000000, 0x0000000787000000, 0x0000000787100000|  0%| F|  |TAMS 0x0000000787000000, 0x0000000787000000| Untracked 
| 113|0x0000000787100000, 0x0000000787200000, 0x0000000787200000|100%| S|CS|TAMS 0x0000000787100000, 0x0000000787100000| Complete 
| 114|0x0000000787200000, 0x0000000787300000, 0x0000000787300000|100%| S|CS|TAMS 0x0000000787200000, 0x0000000787200000| Complete 
| 115|0x0000000787300000, 0x0000000787300000, 0x0000000787400000|  0%| F|  |TAMS 0x0000000787300000, 0x0000000787300000| Untracked 
| 116|0x0000000787400000, 0x0000000787400000, 0x0000000787500000|  0%| F|  |TAMS 0x0000000787400000, 0x0000000787400000| Untracked 
| 117|0x0000000787500000, 0x0000000787500000, 0x0000000787600000|  0%| F|  |TAMS 0x0000000787500000, 0x0000000787500000| Untracked 
| 118|0x0000000787600000, 0x0000000787600000, 0x0000000787700000|  0%| F|  |TAMS 0x0000000787600000, 0x0000000787600000| Untracked 
| 119|0x0000000787700000, 0x0000000787700000, 0x0000000787800000|  0%| F|  |TAMS 0x0000000787700000, 0x0000000787700000| Untracked 
| 120|0x0000000787800000, 0x0000000787800000, 0x0000000787900000|  0%| F|  |TAMS 0x0000000787800000, 0x0000000787800000| Untracked 
| 121|0x0000000787900000, 0x0000000787900000, 0x0000000787a00000|  0%| F|  |TAMS 0x0000000787900000, 0x0000000787900000| Untracked 
| 122|0x0000000787a00000, 0x0000000787a00000, 0x0000000787b00000|  0%| F|  |TAMS 0x0000000787a00000, 0x0000000787a00000| Untracked 
| 123|0x0000000787b00000, 0x0000000787b00000, 0x0000000787c00000|  0%| F|  |TAMS 0x0000000787b00000, 0x0000000787b00000| Untracked 
| 124|0x0000000787c00000, 0x0000000787c00000, 0x0000000787d00000|  0%| F|  |TAMS 0x0000000787c00000, 0x0000000787c00000| Untracked 
| 125|0x0000000787d00000, 0x0000000787d00000, 0x0000000787e00000|  0%| F|  |TAMS 0x0000000787d00000, 0x0000000787d00000| Untracked 
| 126|0x0000000787e00000, 0x0000000787ea0de0, 0x0000000787f00000| 62%| E|  |TAMS 0x0000000787e00000, 0x0000000787e00000| Complete 
| 127|0x0000000787f00000, 0x0000000788000000, 0x0000000788000000|100%| E|CS|TAMS 0x0000000787f00000, 0x0000000787f00000| Complete 
|2046|0x00000007ffe00000, 0x00000007ffe76000, 0x00000007fff00000| 46%|OA|  |TAMS 0x00000007ffe00000, 0x00000007ffe00000| Untracked 
|2047|0x00000007fff00000, 0x00000007fff7f000, 0x0000000800000000| 49%|CA|  |TAMS 0x00000007fff00000, 0x00000007fff00000| Untracked 

Card table byte_map: [0x0000000109540000,0x0000000109940000] _byte_map_base: 0x0000000105940000

Marking Bits (Prev, Next): (CMBitMap*) 0x00007ff1cd02b610, (CMBitMap*) 0x00007ff1cd02b650
 Prev Bits: [0x000000012245d000, 0x000000012445d000)
 Next Bits: [0x000000012445d000, 0x000000012645d000)

Polling page: 0x0000000105e51000

Metaspace:

Usage:
  Non-class:      7.68 MB used.
      Class:      1.05 MB used.
       Both:      8.73 MB used.

Virtual space:
  Non-class space:       16.00 MB reserved,       7.75 MB ( 48%) committed,  2 nodes.
      Class space:        1.00 GB reserved,       1.19 MB ( <1%) committed,  1 nodes.
             Both:        1.02 GB reserved,       8.94 MB ( <1%) committed. 

Chunk freelists:
   Non-Class:  1.82 MB
       Class:  2.81 MB
        Both:  4.63 MB

MaxMetaspaceSize: unlimited
CompressedClassSpaceSize: 1.00 GB
Initial GC threshold: 21.00 MB
Current GC threshold: 21.00 MB
CDS: on
MetaspaceReclaimPolicy: balanced
 - commit_granule_bytes: 65536.
 - commit_granule_words: 8192.
 - virtual_space_node_default_size: 1048576.
 - enlarge_chunks_in_place: 1.
 - new_chunks_are_fully_committed: 0.
 - uncommit_free_chunks: 1.
 - use_allocation_guard: 0.
 - handle_deallocations: 1.


Internal statistics:

num_allocs_failed_limit: 0.
num_arena_births: 72.
num_arena_deaths: 0.
num_vsnodes_births: 3.
num_vsnodes_deaths: 0.
num_space_committed: 143.
num_space_uncommitted: 0.
num_chunks_returned_to_freelist: 0.
num_chunks_taken_from_freelist: 376.
num_chunk_merges: 0.
num_chunk_splits: 265.
num_chunks_enlarged: 211.
num_purges: 0.
num_inconsistent_stats: 0.

CodeHeap 'non-profiled nmethods': size=120032Kb used=297Kb max_used=297Kb free=119734Kb
 bounds [0x000000011af25000, 0x000000011b195000, 0x000000012245d000]
CodeHeap 'profiled nmethods': size=120028Kb used=1763Kb max_used=1763Kb free=118265Kb
 bounds [0x00000001139ee000, 0x0000000113c5e000, 0x000000011af25000]
CodeHeap 'non-nmethods': size=5700Kb used=1126Kb max_used=1148Kb free=4573Kb
 bounds [0x000000011345d000, 0x00000001136cd000, 0x00000001139ee000]
 total_blobs=1511 nmethods=1099 adapters=326
 compilation: enabled
              stopped_count=0, restarted_count=0
 full_count=0

Compilation events (20 events):
Event: 0.506 Thread 0x00007ff1cd011e00 1092       3       sun.invoke.util.BytecodeDescriptor::unparseMethod (66 bytes)
Event: 0.506 Thread 0x00007ff1cc838c00 1093       4       java.lang.String::hashCode (60 bytes)
Event: 0.506 Thread 0x00007ff1cd011e00 nmethod 1092 0x0000000113ba2410 code [0x0000000113ba2660, 0x0000000113ba2ce0]
Event: 0.506 Thread 0x00007ff1cd011e00 1094       1       java.lang.Integer::intValue (5 bytes)
Event: 0.506 Thread 0x00007ff1cd011e00 nmethod 1094 0x000000011af6ec90 code [0x000000011af6ee20, 0x000000011af6eef0]
Event: 0.506 Thread 0x00007ff1cd011e00 1095       3       java.lang.Integer::valueOf (32 bytes)
Event: 0.507 Thread 0x00007ff1cd011e00 nmethod 1095 0x0000000113ba3010 code [0x0000000113ba31e0, 0x0000000113ba34f0]
Event: 0.507 Thread 0x00007ff1cd011e00 1096       3       java.util.HashMap::get (19 bytes)
Event: 0.507 Thread 0x00007ff1cd011e00 nmethod 1096 0x0000000113ba3610 code [0x0000000113ba37c0, 0x0000000113ba3980]
Event: 0.507 Thread 0x00007ff1cd011e00 1097       3       com.sun.tools.javac.code.Type::accept (9 bytes)
Event: 0.507 Thread 0x00007ff1cd011e00 nmethod 1097 0x0000000113ba3a90 code [0x0000000113ba3c40, 0x0000000113ba3e20]
Event: 0.508 Thread 0x00007ff1cd011e00 1098       3       com.sun.tools.javac.util.List::map (83 bytes)
Event: 0.508 Thread 0x00007ff1cc838c00 nmethod 1093 0x000000011af6ef90 code [0x000000011af6f120, 0x000000011af6f318]
Event: 0.508 Thread 0x00007ff1cd011e00 nmethod 1098 0x0000000113ba3f10 code [0x0000000113ba4180, 0x0000000113ba4e10]
Event: 0.508 Thread 0x00007ff1cd011e00 1099       3       com.sun.tools.javac.code.Types$14::combineMetadata (87 bytes)
Event: 0.509 Thread 0x00007ff1cd011e00 nmethod 1099 0x0000000113ba5210 code [0x0000000113ba5400, 0x0000000113ba5a00]
Event: 0.510 Thread 0x00007ff1cd011e00 1100 %     3       java.lang.StringLatin1::indexOf @ 14 (121 bytes)
Event: 0.510 Thread 0x00007ff1cd011e00 nmethod 1100% 0x0000000113ba5c10 code [0x0000000113ba5e00, 0x0000000113ba6390]
Event: 0.510 Thread 0x00007ff1cd011e00 1101       3       java.lang.StringLatin1::newString (24 bytes)
Event: 0.510 Thread 0x00007ff1cd011e00 nmethod 1101 0x0000000113ba6610 code [0x0000000113ba67e0, 0x0000000113ba6b00]

GC Heap History (2 events):
Event: 0.446 GC heap before
{Heap before GC invocations=0 (full 0):
 garbage-first heap   total 133120K, used 14292K [0x0000000780000000, 0x0000000800000000)
  region size 1024K, 13 young (13312K), 0 survivors (0K)
 Metaspace       used 8223K, committed 8448K, reserved 1064960K
  class space    used 980K, committed 1088K, reserved 1048576K
}
Event: 0.451 GC heap after
{Heap after GC invocations=1 (full 0):
 garbage-first heap   total 133120K, used 4388K [0x0000000780000000, 0x0000000800000000)
  region size 1024K, 2 young (2048K), 2 survivors (2048K)
 Metaspace       used 8223K, committed 8448K, reserved 1064960K
  class space    used 980K, committed 1088K, reserved 1048576K
}

Deoptimization events (20 events):
Event: 0.502 Thread 0x00007ff1cd808800 Uncommon trap: trap_request=0xffffffc6 fr.pc=0x000000011af6032c relative=0x00000000000014ec
Event: 0.502 Thread 0x00007ff1cd808800 Uncommon trap: reason=bimorphic_or_optimized_type_check action=maybe_recompile pc=0x000000011af6032c method=java.util.HashMap.putVal(ILjava/lang/Object;Ljava/lang/Object;ZZ)Ljava/lang/Object; @ 253 c2
Event: 0.502 Thread 0x00007ff1cd808800 DEOPT PACKING pc=0x000000011af6032c sp=0x000070000c6634d0
Event: 0.502 Thread 0x00007ff1cd808800 DEOPT UNPACKING pc=0x00000001134af099 sp=0x000070000c663428 mode 2
Event: 0.503 Thread 0x00007ff1cd808800 Uncommon trap: trap_request=0xffffffc6 fr.pc=0x000000011af62c6c relative=0x000000000000152c
Event: 0.503 Thread 0x00007ff1cd808800 Uncommon trap: reason=bimorphic_or_optimized_type_check action=maybe_recompile pc=0x000000011af62c6c method=java.util.HashMap.putVal(ILjava/lang/Object;Ljava/lang/Object;ZZ)Ljava/lang/Object; @ 253 c2
Event: 0.503 Thread 0x00007ff1cd808800 DEOPT PACKING pc=0x000000011af62c6c sp=0x000070000c663450
Event: 0.503 Thread 0x00007ff1cd808800 DEOPT UNPACKING pc=0x00000001134af099 sp=0x000070000c663430 mode 2
Event: 0.506 Thread 0x00007ff1cd808800 Uncommon trap: trap_request=0xffffff45 fr.pc=0x000000011af6cf90 relative=0x0000000000000550
Event: 0.506 Thread 0x00007ff1cd808800 Uncommon trap: reason=unstable_if action=reinterpret pc=0x000000011af6cf90 method=java.util.HashMap.getNode(Ljava/lang/Object;)Ljava/util/HashMap$Node; @ 66 c2
Event: 0.506 Thread 0x00007ff1cd808800 DEOPT PACKING pc=0x000000011af6cf90 sp=0x000070000c6628f0
Event: 0.506 Thread 0x00007ff1cd808800 DEOPT UNPACKING pc=0x00000001134af099 sp=0x000070000c662830 mode 2
Event: 0.509 Thread 0x00007ff1cd808800 Uncommon trap: trap_request=0xffffff45 fr.pc=0x000000011af4f4a8 relative=0x0000000000000408
Event: 0.509 Thread 0x00007ff1cd808800 Uncommon trap: reason=unstable_if action=reinterpret pc=0x000000011af4f4a8 method=java.lang.StringLatin1.newString([BII)Ljava/lang/String; @ 1 c2
Event: 0.509 Thread 0x00007ff1cd808800 DEOPT PACKING pc=0x000000011af4f4a8 sp=0x000070000c6634a0
Event: 0.509 Thread 0x00007ff1cd808800 DEOPT UNPACKING pc=0x00000001134af099 sp=0x000070000c663468 mode 2
Event: 0.509 Thread 0x00007ff1cd808800 Uncommon trap: trap_request=0xffffff45 fr.pc=0x000000011af67de4 relative=0x0000000000000344
Event: 0.509 Thread 0x00007ff1cd808800 Uncommon trap: reason=unstable_if action=reinterpret pc=0x000000011af67de4 method=java.lang.StringLatin1.indexOf([BI[BII)I @ 27 c2
Event: 0.509 Thread 0x00007ff1cd808800 DEOPT PACKING pc=0x000000011af67de4 sp=0x000070000c662f00
Event: 0.509 Thread 0x00007ff1cd808800 DEOPT UNPACKING pc=0x00000001134af099 sp=0x000070000c662e80 mode 2

Classes unloaded (0 events):
No events

Classes redefined (0 events):
No events

Internal exceptions (20 events):
Event: 0.146 Thread 0x00007ff1cd808800 Exception <a 'java/lang/NoSuchMethodError'{0x0000000787d19c00}: 'void java.lang.invoke.DirectMethodHandle$Holder.invokeSpecial(java.lang.Object, java.lang.Object, java.lang.Object)'> (0x0000000787d19c00) 
thrown [open/src/hotspot/share/interpreter/linkResolver.cpp, line 766]
Event: 0.161 Thread 0x00007ff1cd808800 Exception <a 'java/lang/NoSuchMethodError'{0x0000000787d5ad60}: 'void java.lang.invoke.DirectMethodHandle$Holder.invokeStatic(java.lang.Object, java.lang.Object)'> (0x0000000787d5ad60) 
thrown [open/src/hotspot/share/interpreter/linkResolver.cpp, line 766]
Event: 0.164 Thread 0x00007ff1cd808800 Exception <a 'java/lang/NoSuchMethodError'{0x0000000787d6d7e0}: 'int java.lang.invoke.DirectMethodHandle$Holder.invokeVirtual(java.lang.Object, java.lang.Object, java.lang.Object)'> (0x0000000787d6d7e0) 
thrown [open/src/hotspot/share/interpreter/linkResolver.cpp, line 766]
Event: 0.164 Thread 0x00007ff1cd808800 Exception <a 'java/lang/NoSuchMethodError'{0x0000000787d73d00}: 'void java.lang.invoke.DirectMethodHandle$Holder.invokeInterface(java.lang.Object, java.lang.Object, java.lang.Object)'> (0x0000000787d73d00) 
thrown [open/src/hotspot/share/interpreter/linkResolver.cpp, line 766]
Event: 0.228 Thread 0x00007ff1cd808800 Exception <a 'java/lang/NoSuchMethodError'{0x0000000787c85920}: 'int java.lang.invoke.DirectMethodHandle$Holder.invokeStaticInit(java.lang.Object, java.lang.Object)'> (0x0000000787c85920) 
thrown [open/src/hotspot/share/interpreter/linkResolver.cpp, line 766]
Event: 0.272 Thread 0x00007ff1cd808800 Exception <a 'java/lang/NoSuchMethodError'{0x0000000787b21d38}: 'int java.lang.invoke.DirectMethodHandle$Holder.invokeVirtual(java.lang.Object, java.lang.Object)'> (0x0000000787b21d38) 
thrown [open/src/hotspot/share/interpreter/linkResolver.cpp, line 766]
Event: 0.276 Thread 0x00007ff1cd808800 Exception <a 'java/lang/NoSuchMethodError'{0x0000000787b48530}: 'java.lang.Object java.lang.invoke.DirectMethodHandle$Holder.newInvokeSpecial(java.lang.Object, java.lang.Object, java.lang.Object, java.lang.Object, java.lang.Object)'> (0x0000000787b48530) 
thrown [open/src/hotspot/share/interpreter/linkResolver.cpp, line 766]
Event: 0.277 Thread 0x00007ff1cd808800 Exception <a 'java/lang/NoSuchMethodError'{0x0000000787b569d0}: 'java.lang.Object java.lang.invoke.DirectMethodHandle$Holder.newInvokeSpecial(java.lang.Object, java.lang.Object, java.lang.Object, java.lang.Object, java.lang.Object, java.lang.Object)'> (0x0000000787b569d0) 
thrown [open/src/hotspot/share/interpreter/linkResolver.cpp, line 766]
Event: 0.301 Thread 0x00007ff1cd808800 Exception <a 'java/lang/NoSuchMethodError'{0x0000000787bd0418}: 'java.lang.Object java.lang.invoke.DirectMethodHandle$Holder.invokeVirtual(java.lang.Object, java.lang.Object, java.lang.Object)'> (0x0000000787bd0418) 
thrown [open/src/hotspot/share/interpreter/linkResolver.cpp, line 766]
Event: 0.303 Thread 0x00007ff1cd808800 Exception <a 'java/lang/NoSuchMethodError'{0x0000000787bda7c8}: 'int java.lang.invoke.DirectMethodHandle$Holder.invokeInterface(java.lang.Object, java.lang.Object)'> (0x0000000787bda7c8) 
thrown [open/src/hotspot/share/interpreter/linkResolver.cpp, line 766]
Event: 0.303 Thread 0x00007ff1cd808800 Exception <a 'sun/nio/fs/UnixException'{0x0000000787be0788}> (0x0000000787be0788) 
thrown [open/src/hotspot/share/prims/jni.cpp, line 516]
Event: 0.325 Thread 0x00007ff1cd808800 Exception <a 'java/lang/NoSuchMethodError'{0x0000000787a244b8}: 'java.lang.Object java.lang.invoke.DirectMethodHandle$Holder.invokeStaticInit(java.lang.Object)'> (0x0000000787a244b8) 
thrown [open/src/hotspot/share/interpreter/linkResolver.cpp, line 766]
Event: 0.348 Thread 0x00007ff1cd808800 Exception <a 'java/lang/NoSuchMethodError'{0x0000000787aea378}: 'java.lang.Object java.lang.invoke.DirectMethodHandle$Holder.invokeVirtual(java.lang.Object, java.lang.Object, java.lang.Object, int, int)'> (0x0000000787aea378) 
thrown [open/src/hotspot/share/interpreter/linkResolver.cpp, line 766]
Event: 0.349 Thread 0x00007ff1cd808800 Exception <a 'java/lang/NoSuchMethodError'{0x0000000787af0ec8}: 'java.lang.Object java.lang.invoke.DirectMethodHandle$Holder.invokeVirtual(java.lang.Object, java.lang.Object, int)'> (0x0000000787af0ec8) 
thrown [open/src/hotspot/share/interpreter/linkResolver.cpp, line 766]
Event: 0.350 Thread 0x00007ff1cd808800 Exception <a 'java/lang/NoSuchMethodError'{0x0000000787af9730}: 'java.lang.Object java.lang.invoke.DirectMethodHandle$Holder.invokeSpecial(java.lang.Object, java.lang.Object, java.lang.Object, int, int)'> (0x0000000787af9730) 
thrown [open/src/hotspot/share/interpreter/linkResolver.cpp, line 766]
Event: 0.375 Thread 0x00007ff1cd808800 Exception <a 'sun/nio/fs/UnixException'{0x0000000787833ed8}> (0x0000000787833ed8) 
thrown [open/src/hotspot/share/prims/jni.cpp, line 516]
Event: 0.375 Thread 0x00007ff1cd808800 Exception <a 'sun/nio/fs/UnixException'{0x00000007878345c8}> (0x00000007878345c8) 
thrown [open/src/hotspot/share/prims/jni.cpp, line 516]
Event: 0.414 Thread 0x00007ff1cd808800 Exception <a 'java/lang/NoSuchMethodError'{0x00000007876d6ba8}: 'int java.lang.invoke.DirectMethodHandle$Holder.invokeSpecial(java.lang.Object, java.lang.Object, java.lang.Object)'> (0x00000007876d6ba8) 
thrown [open/src/hotspot/share/interpreter/linkResolver.cpp, line 766]
Event: 0.432 Thread 0x00007ff1cd808800 Exception <a 'java/lang/NoSuchMethodError'{0x00000007874cb370}: 'java.lang.Object java.lang.invoke.DirectMethodHandle$Holder.invokeStatic(java.lang.Object, java.lang.Object, int, int)'> (0x00000007874cb370) 
thrown [open/src/hotspot/share/interpreter/linkResolver.cpp, line 766]
Event: 0.439 Thread 0x00007ff1cd808800 Exception <a 'java/lang/NoSuchMethodError'{0x00000007874f4250}: 'java.lang.Object java.lang.invoke.DirectMethodHandle$Holder.invokeInterface(java.lang.Object, java.lang.Object)'> (0x00000007874f4250) 
thrown [open/src/hotspot/share/interpreter/linkResolver.cpp, line 766]

VM Operations (12 events):
Event: 0.051 Executing VM operation: HandshakeAllThreads
Event: 0.051 Executing VM operation: HandshakeAllThreads done
Event: 0.174 Executing VM operation: HandshakeAllThreads
Event: 0.174 Executing VM operation: HandshakeAllThreads done
Event: 0.322 Executing VM operation: HandshakeAllThreads
Event: 0.322 Executing VM operation: HandshakeAllThreads done
Event: 0.327 Executing VM operation: HandshakeAllThreads
Event: 0.327 Executing VM operation: HandshakeAllThreads done
Event: 0.445 Executing VM operation: G1CollectForAllocation
Event: 0.451 Executing VM operation: G1CollectForAllocation done
Event: 1.452 Executing VM operation: Cleanup
Event: 1.452 Executing VM operation: Cleanup done

Events (20 events):
Event: 0.439 loading class java/lang/invoke/MethodHandle$1 done
Event: 0.491 loading class java/util/stream/Nodes$FixedNodeBuilder
Event: 0.491 loading class java/util/stream/Nodes$ArrayNode
Event: 0.491 loading class java/util/stream/Nodes$ArrayNode done
Event: 0.491 loading class java/util/stream/Nodes$FixedNodeBuilder done
Event: 0.506 loading class java/util/function/ToIntBiFunction
Event: 0.506 loading class java/util/function/ToIntBiFunction done
Event: 0.508 loading class java/util/EnumMap$Values
Event: 0.508 loading class java/util/EnumMap$Values done
Event: 0.509 loading class java/util/EnumMap$ValueIterator
Event: 0.509 loading class java/util/EnumMap$EnumMapIterator
Event: 0.509 loading class java/util/EnumMap$EnumMapIterator done
Event: 0.509 loading class java/util/EnumMap$ValueIterator done
Event: 0.509 loading class java/util/WeakHashMap$KeyIterator
Event: 0.509 loading class java/util/WeakHashMap$HashIterator
Event: 0.509 loading class java/util/WeakHashMap$HashIterator done
Event: 0.509 loading class java/util/WeakHashMap$KeyIterator done
Event: 0.929 Loaded shared library /Users/kim-yongbhin/Desktop/Docker/StartDocker/Client/libBlockCipher.jnilib
Event: 0.929 loading class jdk/internal/loader/NativeLibraries$Unloader
Event: 0.929 loading class jdk/internal/loader/NativeLibraries$Unloader done


Dynamic libraries:
0x00007fff2a7b6000 	/usr/lib/libz.1.dylib
0x0000000105e15000 	/Library/Java/JavaVirtualMachines/jdk-17.0.1.jdk/Contents/Home/lib/libjli.dylib
0x00007fff351eb000 	/System/Library/Frameworks/Cocoa.framework/Versions/A/Cocoa
0x00007fff22533000 	/System/Library/Frameworks/Security.framework/Versions/A/Security
0x00007fff333f3000 	/System/Library/Frameworks/ApplicationServices.framework/Versions/A/ApplicationServices
0x00007fff2a87e000 	/usr/lib/libSystem.B.dylib
0x00007fff2a878000 	/usr/lib/system/libcache.dylib
0x00007fff2a834000 	/usr/lib/system/libcommonCrypto.dylib
0x00007fff2a85e000 	/usr/lib/system/libcompiler_rt.dylib
0x00007fff2a853000 	/usr/lib/system/libcopyfile.dylib
0x00007fff2042c000 	/usr/lib/system/libcorecrypto.dylib
0x00007fff204f7000 	/usr/lib/system/libdispatch.dylib
0x00007fff206aa000 	/usr/lib/system/libdyld.dylib
0x00007fff2a86f000 	/usr/lib/system/libkeymgr.dylib
0x00007fff2dc83000 	/usr/lib/system/liblaunch.dylib
0x00007fff2a812000 	/usr/lib/system/libmacho.dylib
0x00007fff2a00a000 	/usr/lib/system/libquarantine.dylib
0x00007fff2a86c000 	/usr/lib/system/libremovefile.dylib
0x00007fff24f0f000 	/usr/lib/system/libsystem_asl.dylib
0x00007fff203dc000 	/usr/lib/system/libsystem_blocks.dylib
0x00007fff20579000 	/usr/lib/system/libsystem_c.dylib
0x00007fff2a866000 	/usr/lib/system/libsystem_collections.dylib
0x00007fff29310000 	/usr/lib/system/libsystem_configuration.dylib
0x00007fff285fc000 	/usr/lib/system/libsystem_containermanager.dylib
0x00007fff2a5b5000 	/usr/lib/system/libsystem_coreservices.dylib
0x00007fff22aeb000 	/usr/lib/system/libsystem_darwin.dylib
0x00007fff2a870000 	/usr/lib/system/libsystem_dnssd.dylib
0x00007fff20576000 	/usr/lib/system/libsystem_featureflags.dylib
0x00007fff206f0000 	/usr/lib/system/libsystem_info.dylib
0x00007fff2a7c9000 	/usr/lib/system/libsystem_m.dylib
0x00007fff204ca000 	/usr/lib/system/libsystem_malloc.dylib
0x00007fff24ea2000 	/usr/lib/system/libsystem_networkextension.dylib
0x00007fff22f0a000 	/usr/lib/system/libsystem_notify.dylib
0x00007fff3011a000 	/usr/lib/system/libsystem_product_info_filter.dylib
0x00007fff29314000 	/usr/lib/system/libsystem_sandbox.dylib
0x00007fff2a869000 	/usr/lib/system/libsystem_secinit.dylib
0x00007fff2066e000 	/usr/lib/system/libsystem_kernel.dylib
0x00007fff206e6000 	/usr/lib/system/libsystem_platform.dylib
0x00007fff2069e000 	/usr/lib/system/libsystem_pthread.dylib
0x00007fff265ed000 	/usr/lib/system/libsystem_symptoms.dylib
0x00007fff20414000 	/usr/lib/system/libsystem_trace.dylib
0x00007fff2a840000 	/usr/lib/system/libunwind.dylib
0x00007fff203de000 	/usr/lib/system/libxpc.dylib
0x00007fff20658000 	/usr/lib/libc++abi.dylib
0x00007fff2053c000 	/usr/lib/libobjc.A.dylib
0x00007fff2a84b000 	/usr/lib/liboah.dylib
0x00007fff20602000 	/usr/lib/libc++.1.dylib
0x00007fff2071c000 	/System/Library/Frameworks/CoreFoundation.framework/Versions/A/CoreFoundation
0x00007fff214cb000 	/System/Library/Frameworks/Foundation.framework/Versions/C/Foundation
0x00007fff22f64000 	/System/Library/Frameworks/AppKit.framework/Versions/C/AppKit
0x00007fff25e29000 	/System/Library/Frameworks/CoreData.framework/Versions/A/CoreData
0x00007fff23cb0000 	/System/Library/PrivateFrameworks/UIFoundation.framework/Versions/A/UIFoundation
0x00007fff2fead000 	/System/Library/PrivateFrameworks/RemoteViewServices.framework/Versions/A/RemoteViewServices
0x00007fff28cc2000 	/System/Library/PrivateFrameworks/XCTTargetBootstrap.framework/Versions/A/XCTTargetBootstrap
0x00007fff2b9a9000 	/usr/lib/libspindump.dylib
0x00007fff23eff000 	/System/Library/Frameworks/UniformTypeIdentifiers.framework/Versions/A/UniformTypeIdentifiers
0x00007fff274c6000 	/usr/lib/libapp_launch_measurement.dylib
0x00007fff274c9000 	/System/Library/PrivateFrameworks/CoreAutoLayout.framework/Versions/A/CoreAutoLayout
0x00007fff28629000 	/System/Library/Frameworks/Metal.framework/Versions/A/Metal
0x00007fff2931f000 	/usr/lib/liblangid.dylib
0x00007fff28cc6000 	/System/Library/PrivateFrameworks/CoreSVG.framework/Versions/A/CoreSVG
0x00007fff24f3f000 	/System/Library/PrivateFrameworks/SkyLight.framework/Versions/A/SkyLight
0x00007fff252a5000 	/System/Library/Frameworks/CoreGraphics.framework/Versions/A/CoreGraphics
0x00007fff303d4000 	/System/Library/Frameworks/Accelerate.framework/Versions/A/Accelerate
0x00007fff2b3e7000 	/System/Library/PrivateFrameworks/IconServices.framework/Versions/A/IconServices
0x00007fff2860d000 	/System/Library/Frameworks/IOSurface.framework/Versions/A/IOSurface
0x00007fff267b1000 	/usr/lib/libDiagnosticMessagesClient.dylib
0x00007fff28cae000 	/System/Library/PrivateFrameworks/DFRFoundation.framework/Versions/A/DFRFoundation
0x00007fff2288b000 	/usr/lib/libicucore.A.dylib
0x00007fff2ceec000 	/System/Library/Frameworks/AudioToolbox.framework/Versions/A/AudioToolbox
0x00007fff2c174000 	/System/Library/PrivateFrameworks/DataDetectorsCore.framework/Versions/A/DataDetectorsCore
0x00007fff24eb2000 	/usr/lib/libMobileGestalt.dylib
0x00007fff289b2000 	/System/Library/Frameworks/Carbon.framework/Versions/A/Frameworks/HIToolbox.framework/Versions/A/HIToolbox
0x00007fff26f0b000 	/System/Library/Frameworks/QuartzCore.framework/Versions/A/QuartzCore
0x00007fff2fee5000 	/System/Library/Frameworks/Carbon.framework/Versions/A/Frameworks/SpeechRecognition.framework/Versions/A/SpeechRecognition
0x00007fff2722b000 	/System/Library/PrivateFrameworks/CoreUI.framework/Versions/A/CoreUI
0x00007fff21ea1000 	/System/Library/Frameworks/CoreAudio.framework/Versions/A/CoreAudio
0x00007fff2689c000 	/System/Library/Frameworks/DiskArbitration.framework/Versions/A/DiskArbitration
0x00007fff2bd77000 	/System/Library/PrivateFrameworks/MultitouchSupport.framework/Versions/A/MultitouchSupport
0x00007fff2c16b000 	/System/Library/PrivateFrameworks/InternationalSupport.framework/Versions/A/InternationalSupport
0x00007fff24eb1000 	/usr/lib/libenergytrace.dylib
0x00007fff22e5b000 	/System/Library/Frameworks/IOKit.framework/Versions/A/IOKit
0x00007fff30218000 	/System/Library/Frameworks/CoreServices.framework/Versions/A/CoreServices
0x00007fff27458000 	/System/Library/PrivateFrameworks/PerformanceAnalysis.framework/Versions/A/PerformanceAnalysis
0x00007fff6bb98000 	/System/Library/Frameworks/OpenGL.framework/Versions/A/OpenGL
0x00007fff2c1ef000 	/System/Library/PrivateFrameworks/UserActivity.framework/Versions/A/UserActivity
0x00007fff2592f000 	/System/Library/Frameworks/ColorSync.framework/Versions/A/ColorSync
0x00007fff28f2d000 	/System/Library/Frameworks/CoreImage.framework/Versions/A/CoreImage
0x00007fff21cbb000 	/System/Library/Frameworks/CoreText.framework/Versions/A/CoreText
0x00007fff28cf0000 	/System/Library/Frameworks/ImageIO.framework/Versions/A/ImageIO
0x00007fff2a884000 	/System/Library/PrivateFrameworks/SoftLinking.framework/Versions/A/SoftLinking
0x00007fff27511000 	/usr/lib/libxml2.2.dylib
0x00007fff2aaf5000 	/usr/lib/libcompression.dylib
0x00007fff2c09d000 	/System/Library/PrivateFrameworks/TextureIO.framework/Versions/A/TextureIO
0x00007fff2b125000 	/usr/lib/libate.dylib
0x00007fff2af09000 	/usr/lib/liblzma.5.dylib
0x00007fff211df000 	/System/Library/Frameworks/SystemConfiguration.framework/Versions/A/SystemConfiguration
0x00007fff2a880000 	/usr/lib/libfakelink.dylib
0x00007fff24a03000 	/System/Library/Frameworks/CFNetwork.framework/Versions/A/CFNetwork
0x00007fff2a9c0000 	/usr/lib/libarchive.2.dylib
0x00007fff2125d000 	/usr/lib/libCRFSuite.dylib
0x00007fff2a031000 	/usr/lib/libbsm.0.dylib
0x00007fff2437c000 	/usr/lib/libnetwork.dylib
0x00007fff2a885000 	/usr/lib/libpcap.A.dylib
0x00007fff265e6000 	/usr/lib/libdns_services.dylib
0x00007fff2af22000 	/usr/lib/libcoretls_cfhelpers.dylib
0x00007fff2aabf000 	/usr/lib/libapple_nghttp2.dylib
0x00007fff2a818000 	/usr/lib/system/libkxld.dylib
0x00007fff2625f000 	/usr/lib/libsqlite3.dylib
0x00007fff2a598000 	/System/Library/PrivateFrameworks/AppleFSCompression.framework/Versions/A/AppleFSCompression
0x00007fff2a019000 	/usr/lib/libcoretls.dylib
0x00007fff2aaf0000 	/usr/lib/libpam.2.dylib
0x00007fff2b020000 	/usr/lib/libxar.1.dylib
0x00007fff2931b000 	/System/Library/PrivateFrameworks/AppleSystemInfo.framework/Versions/A/AppleSystemInfo
0x00007fff29c5b000 	/System/Library/PrivateFrameworks/IOMobileFramebuffer.framework/Versions/A/IOMobileFramebuffer
0x00007fff2a5a8000 	/usr/lib/libbz2.1.0.dylib
0x00007fff2a8bd000 	/usr/lib/libiconv.2.dylib
0x00007fff2a811000 	/usr/lib/libcharset.1.dylib
0x00007fff27494000 	/System/Library/Frameworks/CoreServices.framework/Versions/A/Frameworks/FSEvents.framework/Versions/A/FSEvents
0x00007fff22af5000 	/System/Library/Frameworks/CoreServices.framework/Versions/A/Frameworks/CarbonCore.framework/Versions/A/CarbonCore
0x00007fff26801000 	/System/Library/Frameworks/CoreServices.framework/Versions/A/Frameworks/Metadata.framework/Versions/A/Metadata
0x00007fff2a5ba000 	/System/Library/Frameworks/CoreServices.framework/Versions/A/Frameworks/OSServices.framework/Versions/A/OSServices
0x00007fff2aa32000 	/System/Library/Frameworks/CoreServices.framework/Versions/A/Frameworks/SearchKit.framework/Versions/A/SearchKit
0x00007fff26571000 	/System/Library/Frameworks/CoreServices.framework/Versions/A/Frameworks/AE.framework/Versions/A/AE
0x00007fff20bba000 	/System/Library/Frameworks/CoreServices.framework/Versions/A/Frameworks/LaunchServices.framework/Versions/A/LaunchServices
0x00007fff2aeb9000 	/System/Library/Frameworks/CoreServices.framework/Versions/A/Frameworks/DictionaryServices.framework/Versions/A/DictionaryServices
0x00007fff274a1000 	/System/Library/Frameworks/CoreServices.framework/Versions/A/Frameworks/SharedFileList.framework/Versions/A/SharedFileList
0x00007fff2a00d000 	/usr/lib/libCheckFix.dylib
0x00007fff24f26000 	/System/Library/PrivateFrameworks/TCC.framework/Versions/A/TCC
0x00007fff29321000 	/System/Library/PrivateFrameworks/CoreNLP.framework/Versions/A/CoreNLP
0x00007fff267b4000 	/System/Library/PrivateFrameworks/MetadataUtilities.framework/Versions/A/MetadataUtilities
0x00007fff21292000 	/usr/lib/libmecabra.dylib
0x00007fff2a317000 	/System/Library/Frameworks/MLCompute.framework/Versions/A/MLCompute
0x00007fff2a042000 	/usr/lib/libmecab.dylib
0x00007fff2a08c000 	/usr/lib/libgermantok.dylib
0x00007fff2aa9a000 	/usr/lib/libThaiTokenizer.dylib
0x00007fff2b05c000 	/usr/lib/libChineseTokenizer.dylib
0x00007fff2aaee000 	/System/Library/Frameworks/MetalPerformanceShaders.framework/Versions/A/MetalPerformanceShaders
0x00007fff268a3000 	/System/Library/Frameworks/Accelerate.framework/Versions/A/Frameworks/vImage.framework/Versions/A/vImage
0x00007fff301f2000 	/System/Library/Frameworks/Accelerate.framework/Versions/A/Frameworks/vecLib.framework/Versions/A/vecLib
0x00007fff2b067000 	/System/Library/Frameworks/Accelerate.framework/Versions/A/Frameworks/vecLib.framework/Versions/A/libvMisc.dylib
0x00007fff29a76000 	/System/Library/Frameworks/Accelerate.framework/Versions/A/Frameworks/vecLib.framework/Versions/A/libvDSP.dylib
0x00007fff20ec5000 	/System/Library/Frameworks/Accelerate.framework/Versions/A/Frameworks/vecLib.framework/Versions/A/libBLAS.dylib
0x00007fff2ab1b000 	/System/Library/Frameworks/Accelerate.framework/Versions/A/Frameworks/vecLib.framework/Versions/A/libLAPACK.dylib
0x00007fff2a092000 	/System/Library/Frameworks/Accelerate.framework/Versions/A/Frameworks/vecLib.framework/Versions/A/libLinearAlgebra.dylib
0x00007fff2aad7000 	/System/Library/Frameworks/Accelerate.framework/Versions/A/Frameworks/vecLib.framework/Versions/A/libSparseBLAS.dylib
0x00007fff2ab15000 	/System/Library/Frameworks/Accelerate.framework/Versions/A/Frameworks/vecLib.framework/Versions/A/libQuadrature.dylib
0x00007fff293cd000 	/System/Library/Frameworks/Accelerate.framework/Versions/A/Frameworks/vecLib.framework/Versions/A/libBNNS.dylib
0x00007fff21170000 	/System/Library/Frameworks/Accelerate.framework/Versions/A/Frameworks/vecLib.framework/Versions/A/libSparse.dylib
0x00007fff292a9000 	/System/Library/Frameworks/MetalPerformanceShaders.framework/Versions/A/Frameworks/MPSCore.framework/Versions/A/MPSCore
0x00007fff2a507000 	/System/Library/Frameworks/MetalPerformanceShaders.framework/Versions/A/Frameworks/MPSImage.framework/Versions/A/MPSImage
0x00007fff2a0a8000 	/System/Library/Frameworks/MetalPerformanceShaders.framework/Versions/A/Frameworks/MPSNeuralNetwork.framework/Versions/A/MPSNeuralNetwork
0x00007fff2a479000 	/System/Library/Frameworks/MetalPerformanceShaders.framework/Versions/A/Frameworks/MPSMatrix.framework/Versions/A/MPSMatrix
0x00007fff2a2c7000 	/System/Library/Frameworks/MetalPerformanceShaders.framework/Versions/A/Frameworks/MPSRayIntersector.framework/Versions/A/MPSRayIntersector
0x00007fff2a4b0000 	/System/Library/Frameworks/MetalPerformanceShaders.framework/Versions/A/Frameworks/MPSNDArray.framework/Versions/A/MPSNDArray
0x00007fff20df0000 	/System/Library/PrivateFrameworks/MetalTools.framework/Versions/A/MetalTools
0x00007fff29319000 	/System/Library/PrivateFrameworks/AggregateDictionary.framework/Versions/A/AggregateDictionary
0x00007fff26781000 	/System/Library/PrivateFrameworks/CoreAnalytics.framework/Versions/A/CoreAnalytics
0x00007fff2aa9c000 	/System/Library/PrivateFrameworks/AppleSauce.framework/Versions/A/AppleSauce
0x00007fff2861f000 	/System/Library/PrivateFrameworks/IOAccelerator.framework/Versions/A/IOAccelerator
0x00007fff6bb8c000 	/System/Library/Frameworks/OpenGL.framework/Versions/A/Libraries/libCoreFSCache.dylib
0x00007fff2182a000 	/System/Library/PrivateFrameworks/LanguageModeling.framework/Versions/A/LanguageModeling
0x00007fff29c49000 	/System/Library/PrivateFrameworks/CoreEmoji.framework/Versions/A/CoreEmoji
0x00007fff293c6000 	/System/Library/PrivateFrameworks/LinguisticData.framework/Versions/A/LinguisticData
0x00007fff21122000 	/System/Library/PrivateFrameworks/Lexicon.framework/Versions/A/Lexicon
0x00007fff2a9ae000 	/usr/lib/libcmph.dylib
0x00007fff27474000 	/System/Library/Frameworks/OpenDirectory.framework/Versions/A/Frameworks/CFOpenDirectory.framework/Versions/A/CFOpenDirectory
0x00007fff27464000 	/System/Library/Frameworks/OpenDirectory.framework/Versions/A/OpenDirectory
0x00007fff2af24000 	/System/Library/PrivateFrameworks/APFS.framework/Versions/A/APFS
0x00007fff29f6f000 	/System/Library/Frameworks/SecurityFoundation.framework/Versions/A/SecurityFoundation
0x00007fff2b02f000 	/usr/lib/libutil.dylib
0x00007fff22e20000 	/System/Library/PrivateFrameworks/CoreServicesStore.framework/Versions/A/CoreServicesStore
0x00007fff2a005000 	/System/Library/Frameworks/ServiceManagement.framework/Versions/A/ServiceManagement
0x00007fff2b033000 	/usr/lib/libxslt.1.dylib
0x00007fff29ffb000 	/System/Library/PrivateFrameworks/BackgroundTaskManagement.framework/Versions/A/BackgroundTaskManagement
0x00007fff2bfe7000 	/System/Library/Frameworks/ImageIO.framework/Versions/A/Resources/libRadiance.dylib
0x00007fff2bff1000 	/System/Library/Frameworks/ImageIO.framework/Versions/A/Resources/libJPEG.dylib
0x00007fff2bf41000 	/System/Library/Frameworks/ImageIO.framework/Versions/A/Resources/libPng.dylib
0x00007fff2bf62000 	/System/Library/Frameworks/ImageIO.framework/Versions/A/Resources/libTIFF.dylib
0x00007fff2c046000 	/System/Library/Frameworks/ImageIO.framework/Versions/A/Resources/libGIF.dylib
0x00007fff2bc93000 	/System/Library/Frameworks/ImageIO.framework/Versions/A/Resources/libJP2.dylib
0x00007fff2b3ae000 	/usr/lib/libexpat.1.dylib
0x00007fff2bc49000 	/System/Library/PrivateFrameworks/AppleJPEG.framework/Versions/A/AppleJPEG
0x00007fff28855000 	/System/Library/PrivateFrameworks/FontServices.framework/libFontParser.dylib
0x00007fff26528000 	/System/Library/PrivateFrameworks/RunningBoardServices.framework/Versions/A/RunningBoardServices
0x00007fff2bd73000 	/System/Library/PrivateFrameworks/WatchdogClient.framework/Versions/A/WatchdogClient
0x00007fff21913000 	/System/Library/Frameworks/CoreDisplay.framework/Versions/A/CoreDisplay
0x00007fff2876a000 	/System/Library/Frameworks/CoreMedia.framework/Versions/A/CoreMedia
0x00007fff275f4000 	/System/Library/Frameworks/CoreVideo.framework/Versions/A/CoreVideo
0x00007fff2bdae000 	/System/Library/Frameworks/VideoToolbox.framework/Versions/A/VideoToolbox
0x00007fff264a8000 	/System/Library/PrivateFrameworks/BaseBoard.framework/Versions/A/BaseBoard
0x00007fff2b4f3000 	/System/Library/PrivateFrameworks/PersistentConnection.framework/Versions/A/PersistentConnection
0x00007fff26249000 	/System/Library/PrivateFrameworks/ProtocolBuffer.framework/Versions/A/ProtocolBuffer
0x00007fff26490000 	/System/Library/PrivateFrameworks/CommonUtilities.framework/Versions/A/CommonUtilities
0x00007fff2bc0c000 	/System/Library/PrivateFrameworks/Bom.framework/Versions/A/Bom
0x00007fff2bfdf000 	/System/Library/PrivateFrameworks/GPUWrangler.framework/Versions/A/GPUWrangler
0x00007fff2bfc2000 	/System/Library/PrivateFrameworks/IOPresentment.framework/Versions/A/IOPresentment
0x00007fff2bfeb000 	/System/Library/PrivateFrameworks/DSExternalDisplay.framework/Versions/A/DSExternalDisplay
0x00007fff2c04b000 	/System/Library/PrivateFrameworks/CMCaptureCore.framework/Versions/A/CMCaptureCore
0x00007fff2b98f000 	/System/Library/PrivateFrameworks/AppServerSupport.framework/Versions/A/AppServerSupport
0x00007fff2da26000 	/System/Library/PrivateFrameworks/perfdata.framework/Versions/A/perfdata
0x00007fff29f5e000 	/System/Library/PrivateFrameworks/AssertionServices.framework/Versions/A/AssertionServices
0x00007fff21a4a000 	/System/Library/PrivateFrameworks/AudioToolboxCore.framework/Versions/A/AudioToolboxCore
0x00007fff2874d000 	/System/Library/PrivateFrameworks/caulk.framework/Versions/A/caulk
0x00007fff3ced2000 	/System/Library/PrivateFrameworks/SystemPolicy.framework/Versions/A/SystemPolicy
0x00007fff2b1bd000 	/usr/lib/libIOReport.dylib
0x00007fff2d262000 	/usr/lib/libSMC.dylib
0x00007fff2bf0d000 	/usr/lib/libAudioToolboxUtility.dylib
0x00007fff3d82f000 	/usr/lib/libmis.dylib
0x00007fff6bbe8000 	/System/Library/Frameworks/OpenGL.framework/Versions/A/Libraries/libGLU.dylib
0x00007fff6bbab000 	/System/Library/Frameworks/OpenGL.framework/Versions/A/Libraries/libGFXShared.dylib
0x00007fff6bdb9000 	/System/Library/Frameworks/OpenGL.framework/Versions/A/Libraries/libGL.dylib
0x00007fff6bbb4000 	/System/Library/Frameworks/OpenGL.framework/Versions/A/Libraries/libGLImage.dylib
0x00007fff6bba8000 	/System/Library/Frameworks/OpenGL.framework/Versions/A/Libraries/libCVMSPluginSupport.dylib
0x00007fff6bb93000 	/System/Library/Frameworks/OpenGL.framework/Versions/A/Libraries/libCoreVMClient.dylib
0x00007fff6d203000 	/System/Library/Frameworks/OpenCL.framework/Versions/A/OpenCL
0x00007fff2b51c000 	/System/Library/PrivateFrameworks/GraphVisualizer.framework/Versions/A/GraphVisualizer
0x00007fff2b52b000 	/System/Library/PrivateFrameworks/FaceCore.framework/Versions/A/FaceCore
0x00007fff2b947000 	/System/Library/PrivateFrameworks/OTSVG.framework/Versions/A/OTSVG
0x00007fff271e9000 	/System/Library/Frameworks/ApplicationServices.framework/Versions/A/Frameworks/ATS.framework/Versions/A/Resources/libFontRegistry.dylib
0x00007fff2b996000 	/System/Library/PrivateFrameworks/FontServices.framework/libhvf.dylib
0x00007fff2b35a000 	/System/Library/PrivateFrameworks/AppleVA.framework/Versions/A/AppleVA
0x00007fff2d0aa000 	/System/Library/Frameworks/ApplicationServices.framework/Versions/A/Frameworks/ATS.framework/Versions/A/ATS
0x00007fff2d3bd000 	/System/Library/Frameworks/ApplicationServices.framework/Versions/A/Frameworks/ColorSyncLegacy.framework/Versions/A/ColorSyncLegacy
0x00007fff25a27000 	/System/Library/Frameworks/ApplicationServices.framework/Versions/A/Frameworks/HIServices.framework/Versions/A/HIServices
0x00007fff2d3a2000 	/System/Library/Frameworks/ApplicationServices.framework/Versions/A/Frameworks/LangAnalysis.framework/Versions/A/LangAnalysis
0x00007fff2c055000 	/System/Library/Frameworks/ApplicationServices.framework/Versions/A/Frameworks/PrintCore.framework/Versions/A/PrintCore
0x00007fff2d3c5000 	/System/Library/Frameworks/ApplicationServices.framework/Versions/A/Frameworks/QD.framework/Versions/A/QD
0x00007fff2d09a000 	/System/Library/Frameworks/ApplicationServices.framework/Versions/A/Frameworks/SpeechSynthesis.framework/Versions/A/SpeechSynthesis
0x00007fff2c016000 	/System/Library/Frameworks/ApplicationServices.framework/Versions/A/Frameworks/ATSUI.framework/Versions/A/ATSUI
0x00007fff2d342000 	/usr/lib/libcups.2.dylib
0x00007fff2d3b2000 	/System/Library/PrivateFrameworks/NetAuth.framework/Versions/A/NetAuth
0x00007fff2da41000 	/System/Library/Frameworks/Kerberos.framework/Versions/A/Kerberos
0x00007fff2da51000 	/System/Library/Frameworks/GSS.framework/Versions/A/GSS
0x00007fff2d117000 	/usr/lib/libresolv.9.dylib
0x00007fff2b9ac000 	/System/Library/PrivateFrameworks/Heimdal.framework/Versions/A/Heimdal
0x00007fff33708000 	/System/Library/Frameworks/Kerberos.framework/Versions/A/Libraries/libHeimdalProxy.dylib
0x00007fff265f5000 	/System/Library/Frameworks/Network.framework/Versions/A/Network
0x00007fff2b3c8000 	/usr/lib/libheimdal-asn1.dylib
0x00007fff2daa2000 	/System/Library/PrivateFrameworks/CommonAuth.framework/Versions/A/CommonAuth
0x00007fff27642000 	/System/Library/PrivateFrameworks/login.framework/Versions/A/Frameworks/loginsupport.framework/Versions/A/loginsupport
0x00007fff2d021000 	/System/Library/PrivateFrameworks/AudioSession.framework/Versions/A/AudioSession
0x00007fff2d087000 	/usr/lib/libAudioStatistics.dylib
0x00007fff2b454000 	/System/Library/PrivateFrameworks/MediaExperience.framework/Versions/A/MediaExperience
0x00007fff2ceba000 	/System/Library/PrivateFrameworks/AudioSession.framework/libSessionUtility.dylib
0x00007fff2da32000 	/usr/lib/libperfcheck.dylib
0x00007fff2d3d1000 	/System/Library/PrivateFrameworks/AudioResourceArbitration.framework/Versions/A/AudioResourceArbitration
0x00007fff2b3d2000 	/System/Library/PrivateFrameworks/IconFoundation.framework/Versions/A/IconFoundation
0x00007fff2fed5000 	/System/Library/PrivateFrameworks/SpeechRecognitionCore.framework/Versions/A/SpeechRecognitionCore
0x00007fff5cfa3000 	/System/Library/CoreServices/Encodings/libKoreanConverter.dylib
0x0000000108000000 	/Library/Java/JavaVirtualMachines/jdk-17.0.1.jdk/Contents/Home/lib/server/libjvm.dylib
0x0000000105e42000 	/Library/Java/JavaVirtualMachines/jdk-17.0.1.jdk/Contents/Home/lib/libjimage.dylib
0x0000000105e9b000 	/Library/Java/JavaVirtualMachines/jdk-17.0.1.jdk/Contents/Home/lib/libjava.dylib
0x0000000105fd1000 	/Library/Java/JavaVirtualMachines/jdk-17.0.1.jdk/Contents/Home/lib/libnio.dylib
0x0000000109d85000 	/Library/Java/JavaVirtualMachines/jdk-17.0.1.jdk/Contents/Home/lib/libnet.dylib
0x0000000105fec000 	/Users/kim-yongbhin/Desktop/Docker/StartDocker/Client/libBlockCipher.jnilib


VM Arguments:
jvm_args: --add-modules=ALL-DEFAULT 
java_command: jdk.compiler/com.sun.tools.javac.launcher.Main Client.java
java_class_path (initial): .:/Library/Java/JavaVirtualMachines/jdk-17.0.1.jdk/Contents/Home/lib/tools.jar
Launcher Type: SUN_STANDARD

[Global flags]
     intx CICompilerCount                          = 3                                         {product} {ergonomic}
     uint ConcGCThreads                            = 1                                         {product} {ergonomic}
     uint G1ConcRefinementThreads                  = 4                                         {product} {ergonomic}
   size_t G1HeapRegionSize                         = 1048576                                   {product} {ergonomic}
    uintx GCDrainStackTargetSize                   = 64                                        {product} {ergonomic}
   size_t InitialHeapSize                          = 134217728                                 {product} {ergonomic}
   size_t MarkStackSize                            = 4194304                                   {product} {ergonomic}
   size_t MaxHeapSize                              = 2147483648                                {product} {ergonomic}
   size_t MaxNewSize                               = 1287651328                                {product} {ergonomic}
   size_t MinHeapDeltaBytes                        = 1048576                                   {product} {ergonomic}
   size_t MinHeapSize                              = 8388608                                   {product} {ergonomic}
    uintx NonNMethodCodeHeapSize                   = 5832780                                {pd product} {ergonomic}
    uintx NonProfiledCodeHeapSize                  = 122912730                              {pd product} {ergonomic}
    uintx ProfiledCodeHeapSize                     = 122912730                              {pd product} {ergonomic}
    uintx ReservedCodeCacheSize                    = 251658240                              {pd product} {ergonomic}
     bool SegmentedCodeCache                       = true                                      {product} {ergonomic}
   size_t SoftMaxHeapSize                          = 2147483648                             {manageable} {ergonomic}
     bool UseCompressedClassPointers               = true                           {product lp64_product} {ergonomic}
     bool UseCompressedOops                        = true                           {product lp64_product} {ergonomic}
     bool UseG1GC                                  = true                                      {product} {ergonomic}
     bool UseNUMA                                  = false                                     {product} {ergonomic}
     bool UseNUMAInterleaving                      = false                                     {product} {ergonomic}

Logging:
Log output configuration:
 #0: stdout all=warning uptime,level,tags
 #1: stderr all=off uptime,level,tags

Environment Variables:
JAVA_HOME=/Library/Java/JavaVirtualMachines/jdk-17.0.1.jdk/Contents/Home
CLASSPATH=.:/Library/Java/JavaVirtualMachines/jdk-17.0.1.jdk/Contents/Home/lib/tools.jar
PATH=/Library/Frameworks/Python.framework/Versions/3.9/bin:/anaconda3/bin:/usr/local/bin:/usr/bin:/bin:/usr/sbin:/sbin:/Library/Java/JavaVirtualMachines/jdk-17.0.1.jdk/Contents/Home/bin:/Library/Apple/usr/bin:/Library/Frameworks/Mono.framework/Versions/Current/Commands
SHELL=/bin/bash
LANG=ko_KR.UTF-8

Signal Handlers:
   SIGSEGV: crash_handler in libjvm.dylib, mask=11100110000111110111111111111111, flags=SA_RESTART|SA_SIGINFO
    SIGBUS: crash_handler in libjvm.dylib, mask=11100110000111110111111111111111, flags=SA_RESTART|SA_SIGINFO
    SIGFPE: crash_handler in libjvm.dylib, mask=11100110000111110111111111111111, flags=SA_RESTART|SA_SIGINFO
   SIGPIPE: javaSignalHandler in libjvm.dylib, mask=11100110000111110111111111111111, flags=SA_RESTART|SA_SIGINFO
   SIGXFSZ: javaSignalHandler in libjvm.dylib, mask=11100110000111110111111111111111, flags=SA_RESTART|SA_SIGINFO
    SIGILL: crash_handler in libjvm.dylib, mask=11100110000111110111111111111111, flags=SA_RESTART|SA_SIGINFO
   SIGUSR2: SR_handler in libjvm.dylib, mask=00000000000000000000000000000000, flags=SA_RESTART|SA_SIGINFO
    SIGHUP: UserHandler in libjvm.dylib, mask=11100110000111110111111111111111, flags=SA_RESTART|SA_SIGINFO
    SIGINT: UserHandler in libjvm.dylib, mask=11100110000111110111111111111111, flags=SA_RESTART|SA_SIGINFO
   SIGTERM: UserHandler in libjvm.dylib, mask=11100110000111110111111111111111, flags=SA_RESTART|SA_SIGINFO
   SIGQUIT: UserHandler in libjvm.dylib, mask=11100110000111110111111111111111, flags=SA_RESTART|SA_SIGINFO
   SIGTRAP: crash_handler in libjvm.dylib, mask=11100110000111110111111111111111, flags=SA_RESTART|SA_SIGINFO


---------------  S Y S T E M  ---------------

OS:
uname: Darwin 20.6.0 Darwin Kernel Version 20.6.0: Tue Feb 22 21:10:41 PST 2022; root:xnu-7195.141.26~1/RELEASE_X86_64 x86_64
OS uptime: 2 days 0:35 hours
rlimit (soft/hard): STACK 8192k/65532k , CORE 0k/infinity , NPROC 1392/2088 , NOFILE 10240/infinity , AS infinity/infinity , CPU infinity/infinity , DATA infinity/infinity , FSIZE infinity/infinity , MEMLOCK infinity/infinity , RSS infinity/infinity
load average: 3.24 3.19 3.25

CPU: total 4 (initial active 4) (2 cores per cpu, 2 threads per core) family 6 model 142 stepping 9 microcode 0xec, cx8, cmov, fxsr, ht, mmx, 3dnowpref, sse, sse2, sse3, ssse3, sse4.1, sse4.2, popcnt, lzcnt, tsc, tscinvbit, avx, avx2, aes, erms, clmul, bmi1, bmi2, rtm, adx, fma, vzeroupper, clflush, clflushopt

Memory: 4k page, physical 8388608k(41904k free), swap 3145728k(1317888k free)

vm_info: Java HotSpot(TM) 64-Bit Server VM (17.0.1+12-LTS-39) for bsd-amd64 JRE (17.0.1+12-LTS-39), built on Sep 27 2021 17:40:18 by "mach5one" with clang Apple LLVM 12.0.0 (clang-1200.0.32.29)

END.
